This file contains any messages produced by compilers while
running configure, to aid debugging if configure makes a mistake.

It was created by readline configure 6.2, which was
generated by GNU Autoconf 2.63.  Invocation command line was

  $ ./configure --host=arm-linux --prefix=/home/user/workdir/81xx/ipnc_app/network/quftp-1.0.7/dep CC=/home/user/workdir/toolchain/arm-2009q1/bin/arm-none-linux-gnueabi-gcc AR=/home/user/workdir/toolchain/arm-2009q1/bin/arm-none-linux-gnueabi-ar RANLIB=/home/user/workdir/toolchain/arm-2009q1/bin/arm-none-linux-gnueabi-ranlib STRIP=/home/user/workdir/toolchain/arm-2009q1/bin/arm-none-linux-gnueabi-strip

## --------- ##
## Platform. ##
## --------- ##

hostname = localhost.localdomain
uname -m = i686
uname -r = 2.6.18-1.2798.fc6
uname -s = Linux
uname -v = #1 SMP Mon Oct 16 14:37:32 EDT 2006

/usr/bin/uname -p = unknown
/bin/uname -X     = unknown

/bin/arch              = i686
/usr/bin/arch -k       = unknown
/usr/convex/getsysinfo = unknown
/usr/bin/hostinfo      = unknown
/bin/machine           = unknown
/usr/bin/oslevel       = unknown
/bin/universe          = unknown

PATH: /usr/lib/qt-3.3/bin
PATH: /usr/kerberos/sbin
PATH: /usr/kerberos/bin
PATH: /usr/local/sbin
PATH: /usr/local/bin
PATH: /sbin
PATH: /bin
PATH: /usr/sbin
PATH: /usr/bin
PATH: /root/bin


## ----------- ##
## Core tests. ##
## ----------- ##

configure:1895: checking build system type
configure:1913: result: i686-pc-linux-gnu
configure:1935: checking host system type
configure:1950: result: arm-unknown-linux-gnu
configure:2059: checking whether make sets $(MAKE)
configure:2081: result: yes
configure:2098: checking for arm-linux-gcc
configure:2125: result: /home/user/workdir/toolchain/arm-2009q1/bin/arm-none-linux-gnueabi-gcc
configure:2397: checking for C compiler version
configure:2405: /home/user/workdir/toolchain/arm-2009q1/bin/arm-none-linux-gnueabi-gcc --version >&5
arm-none-linux-gnueabi-gcc (Sourcery G++ Lite 2009q1-203) 4.3.3
Copyright (C) 2008 Free Software Foundation, Inc.
This is free software; see the source for copying conditions.  There is NO
warranty; not even for MERCHANTABILITY or FITNESS FOR A PARTICULAR PURPOSE.

configure:2409: $? = 0
configure:2416: /home/user/workdir/toolchain/arm-2009q1/bin/arm-none-linux-gnueabi-gcc -v >&5
Using built-in specs.
Target: arm-none-linux-gnueabi
Configured with: /scratch/mitchell/builds/4.3-arm-none-linux-gnueabi-respin/src/gcc-4.3/configure --build=i686-pc-linux-gnu --host=i686-pc-linux-gnu --target=arm-none-linux-gnueabi --enable-threads --disable-libmudflap --disable-libssp --disable-libstdcxx-pch --with-gnu-as --with-gnu-ld --with-specs='%{funwind-tables|fno-unwind-tables|mabi=*|ffreestanding|nostdlib:;:-funwind-tables}' --enable-languages=c,c++ --enable-shared --enable-symvers=gnu --enable-__cxa_atexit --with-pkgversion='Sourcery G++ Lite 2009q1-203' --with-bugurl=https://support.codesourcery.com/GNUToolchain/ --disable-nls --prefix=/opt/codesourcery --with-sysroot=/opt/codesourcery/arm-none-linux-gnueabi/libc --with-build-sysroot=/scratch/mitchell/builds/4.3-arm-none-linux-gnueabi-respin/lite/install/arm-none-linux-gnueabi/libc --with-gmp=/scratch/mitchell/builds/4.3-arm-none-linux-gnueabi-respin/lite/obj/host-libs-2009q1-203-arm-none-linux-gnueabi-i686-pc-linux-gnu/usr --with-mpfr=/scratch/mitchell/builds/4.3-arm-none-linux-gnueabi-respin/lite/obj/host-libs-2009q1-203-arm-none-linux-gnueabi-i686-pc-linux-gnu/usr --disable-libgomp --enable-poison-system-directories --with-build-time-tools=/scratch/mitchell/builds/4.3-arm-none-linux-gnueabi-respin/lite/install/arm-none-linux-gnueabi/bin --with-build-time-tools=/scratch/mitchell/builds/4.3-arm-none-linux-gnueabi-respin/lite/install/arm-none-linux-gnueabi/bin
Thread model: posix
gcc version 4.3.3 (Sourcery G++ Lite 2009q1-203) 
configure:2420: $? = 0
configure:2427: /home/user/workdir/toolchain/arm-2009q1/bin/arm-none-linux-gnueabi-gcc -V >&5
arm-none-linux-gnueabi-gcc: '-V' option must have argument
configure:2431: $? = 1
configure:2454: checking for C compiler default output file name
configure:2476: /home/user/workdir/toolchain/arm-2009q1/bin/arm-none-linux-gnueabi-gcc -g   conftest.c  >&5
configure:2480: $? = 0
configure:2518: result: a.out
configure:2537: checking whether the C compiler works
configure:2547: ./a.out
./configure: line 2549: ./a.out: cannot execute binary file
configure:2551: $? = 126
configure:2570: result: yes
configure:2577: checking whether we are cross compiling
configure:2579: result: yes
configure:2582: checking for suffix of executables
configure:2589: /home/user/workdir/toolchain/arm-2009q1/bin/arm-none-linux-gnueabi-gcc -o conftest -g   conftest.c  >&5
configure:2593: $? = 0
configure:2619: result: 
configure:2625: checking for suffix of object files
configure:2651: /home/user/workdir/toolchain/arm-2009q1/bin/arm-none-linux-gnueabi-gcc -c -g  conftest.c >&5
configure:2655: $? = 0
configure:2680: result: o
configure:2684: checking whether we are using the GNU C compiler
configure:2713: /home/user/workdir/toolchain/arm-2009q1/bin/arm-none-linux-gnueabi-gcc -c -g  conftest.c >&5
configure:2720: $? = 0
configure:2737: result: yes
configure:2746: checking whether /home/user/workdir/toolchain/arm-2009q1/bin/arm-none-linux-gnueabi-gcc accepts -g
configure:2776: /home/user/workdir/toolchain/arm-2009q1/bin/arm-none-linux-gnueabi-gcc -c -g  conftest.c >&5
configure:2783: $? = 0
configure:2884: result: yes
configure:2901: checking for /home/user/workdir/toolchain/arm-2009q1/bin/arm-none-linux-gnueabi-gcc option to accept ISO C89
configure:2975: /home/user/workdir/toolchain/arm-2009q1/bin/arm-none-linux-gnueabi-gcc  -c -g  conftest.c >&5
configure:2982: $? = 0
configure:3005: result: none needed
configure:3029: checking how to run the C preprocessor
configure:3069: /home/user/workdir/toolchain/arm-2009q1/bin/arm-none-linux-gnueabi-gcc -E  conftest.c
configure:3076: $? = 0
configure:3107: /home/user/workdir/toolchain/arm-2009q1/bin/arm-none-linux-gnueabi-gcc -E  conftest.c
conftest.c:8:28: error: ac_nonexistent.h: No such file or directory
configure:3114: $? = 1
configure: failed program was:
| /* confdefs.h.  */
| #define PACKAGE_NAME "readline"
| #define PACKAGE_TARNAME "readline"
| #define PACKAGE_VERSION "6.2"
| #define PACKAGE_STRING "readline 6.2"
| #define PACKAGE_BUGREPORT "bug-readline@gnu.org"
| /* end confdefs.h.  */
| #include <ac_nonexistent.h>
configure:3147: result: /home/user/workdir/toolchain/arm-2009q1/bin/arm-none-linux-gnueabi-gcc -E
configure:3176: /home/user/workdir/toolchain/arm-2009q1/bin/arm-none-linux-gnueabi-gcc -E  conftest.c
configure:3183: $? = 0
configure:3214: /home/user/workdir/toolchain/arm-2009q1/bin/arm-none-linux-gnueabi-gcc -E  conftest.c
conftest.c:8:28: error: ac_nonexistent.h: No such file or directory
configure:3221: $? = 1
configure: failed program was:
| /* confdefs.h.  */
| #define PACKAGE_NAME "readline"
| #define PACKAGE_TARNAME "readline"
| #define PACKAGE_VERSION "6.2"
| #define PACKAGE_STRING "readline 6.2"
| #define PACKAGE_BUGREPORT "bug-readline@gnu.org"
| /* end confdefs.h.  */
| #include <ac_nonexistent.h>
configure:3261: checking for grep that handles long lines and -e
configure:3321: result: /bin/grep
configure:3326: checking for egrep
configure:3390: result: /bin/grep -E
configure:3395: checking for ANSI C header files
configure:3425: /home/user/workdir/toolchain/arm-2009q1/bin/arm-none-linux-gnueabi-gcc -c -g  conftest.c >&5
configure:3432: $? = 0
configure:3563: result: yes
configure:3587: checking for sys/types.h
configure:3608: /home/user/workdir/toolchain/arm-2009q1/bin/arm-none-linux-gnueabi-gcc -c -g  conftest.c >&5
configure:3615: $? = 0
configure:3632: result: yes
configure:3587: checking for sys/stat.h
configure:3608: /home/user/workdir/toolchain/arm-2009q1/bin/arm-none-linux-gnueabi-gcc -c -g  conftest.c >&5
configure:3615: $? = 0
configure:3632: result: yes
configure:3587: checking for stdlib.h
configure:3608: /home/user/workdir/toolchain/arm-2009q1/bin/arm-none-linux-gnueabi-gcc -c -g  conftest.c >&5
configure:3615: $? = 0
configure:3632: result: yes
configure:3587: checking for string.h
configure:3608: /home/user/workdir/toolchain/arm-2009q1/bin/arm-none-linux-gnueabi-gcc -c -g  conftest.c >&5
configure:3615: $? = 0
configure:3632: result: yes
configure:3587: checking for memory.h
configure:3608: /home/user/workdir/toolchain/arm-2009q1/bin/arm-none-linux-gnueabi-gcc -c -g  conftest.c >&5
configure:3615: $? = 0
configure:3632: result: yes
configure:3587: checking for strings.h
configure:3608: /home/user/workdir/toolchain/arm-2009q1/bin/arm-none-linux-gnueabi-gcc -c -g  conftest.c >&5
configure:3615: $? = 0
configure:3632: result: yes
configure:3587: checking for inttypes.h
configure:3608: /home/user/workdir/toolchain/arm-2009q1/bin/arm-none-linux-gnueabi-gcc -c -g  conftest.c >&5
configure:3615: $? = 0
configure:3632: result: yes
configure:3587: checking for stdint.h
configure:3608: /home/user/workdir/toolchain/arm-2009q1/bin/arm-none-linux-gnueabi-gcc -c -g  conftest.c >&5
configure:3615: $? = 0
configure:3632: result: yes
configure:3587: checking for unistd.h
configure:3608: /home/user/workdir/toolchain/arm-2009q1/bin/arm-none-linux-gnueabi-gcc -c -g  conftest.c >&5
configure:3615: $? = 0
configure:3632: result: yes
configure:3657: checking minix/config.h usability
configure:3674: /home/user/workdir/toolchain/arm-2009q1/bin/arm-none-linux-gnueabi-gcc -c -g  conftest.c >&5
conftest.c:51:26: error: minix/config.h: No such file or directory
configure:3681: $? = 1
configure: failed program was:
| /* confdefs.h.  */
| #define PACKAGE_NAME "readline"
| #define PACKAGE_TARNAME "readline"
| #define PACKAGE_VERSION "6.2"
| #define PACKAGE_STRING "readline 6.2"
| #define PACKAGE_BUGREPORT "bug-readline@gnu.org"
| #define STDC_HEADERS 1
| #define HAVE_SYS_TYPES_H 1
| #define HAVE_SYS_STAT_H 1
| #define HAVE_STDLIB_H 1
| #define HAVE_STRING_H 1
| #define HAVE_MEMORY_H 1
| #define HAVE_STRINGS_H 1
| #define HAVE_INTTYPES_H 1
| #define HAVE_STDINT_H 1
| #define HAVE_UNISTD_H 1
| /* end confdefs.h.  */
| #include <stdio.h>
| #ifdef HAVE_SYS_TYPES_H
| # include <sys/types.h>
| #endif
| #ifdef HAVE_SYS_STAT_H
| # include <sys/stat.h>
| #endif
| #ifdef STDC_HEADERS
| # include <stdlib.h>
| # include <stddef.h>
| #else
| # ifdef HAVE_STDLIB_H
| #  include <stdlib.h>
| # endif
| #endif
| #ifdef HAVE_STRING_H
| # if !defined STDC_HEADERS && defined HAVE_MEMORY_H
| #  include <memory.h>
| # endif
| # include <string.h>
| #endif
| #ifdef HAVE_STRINGS_H
| # include <strings.h>
| #endif
| #ifdef HAVE_INTTYPES_H
| # include <inttypes.h>
| #endif
| #ifdef HAVE_STDINT_H
| # include <stdint.h>
| #endif
| #ifdef HAVE_UNISTD_H
| # include <unistd.h>
| #endif
| #include <minix/config.h>
configure:3695: result: no
configure:3699: checking minix/config.h presence
configure:3714: /home/user/workdir/toolchain/arm-2009q1/bin/arm-none-linux-gnueabi-gcc -E  conftest.c
conftest.c:18:26: error: minix/config.h: No such file or directory
configure:3721: $? = 1
configure: failed program was:
| /* confdefs.h.  */
| #define PACKAGE_NAME "readline"
| #define PACKAGE_TARNAME "readline"
| #define PACKAGE_VERSION "6.2"
| #define PACKAGE_STRING "readline 6.2"
| #define PACKAGE_BUGREPORT "bug-readline@gnu.org"
| #define STDC_HEADERS 1
| #define HAVE_SYS_TYPES_H 1
| #define HAVE_SYS_STAT_H 1
| #define HAVE_STDLIB_H 1
| #define HAVE_STRING_H 1
| #define HAVE_MEMORY_H 1
| #define HAVE_STRINGS_H 1
| #define HAVE_INTTYPES_H 1
| #define HAVE_STDINT_H 1
| #define HAVE_UNISTD_H 1
| /* end confdefs.h.  */
| #include <minix/config.h>
configure:3735: result: no
configure:3768: checking for minix/config.h
configure:3775: result: no
configure:3806: checking whether it is safe to define __EXTENSIONS__
configure:3834: /home/user/workdir/toolchain/arm-2009q1/bin/arm-none-linux-gnueabi-gcc -c -g  conftest.c >&5
configure:3841: $? = 0
configure:3856: result: yes
configure:3885: checking whether /home/user/workdir/toolchain/arm-2009q1/bin/arm-none-linux-gnueabi-gcc needs -traditional
configure:3927: result: no
configure:3948: checking for a BSD-compatible install
configure:4016: result: /usr/bin/install -c
configure:4029: checking for ar
configure:4057: result: /home/user/workdir/toolchain/arm-2009q1/bin/arm-none-linux-gnueabi-ar
configure:4069: checking for arm-linux-ranlib
configure:4096: result: /home/user/workdir/toolchain/arm-2009q1/bin/arm-none-linux-gnueabi-ranlib
configure:4162: checking for an ANSI C-conforming const
configure:4237: /home/user/workdir/toolchain/arm-2009q1/bin/arm-none-linux-gnueabi-gcc -c -g -O  conftest.c >&5
configure:4244: $? = 0
configure:4259: result: yes
configure:4269: checking for function prototypes
configure:4272: result: yes
configure:4290: checking whether char is unsigned
configure:4318: /home/user/workdir/toolchain/arm-2009q1/bin/arm-none-linux-gnueabi-gcc -c -g -O  conftest.c >&5
conftest.c: In function 'main':
conftest.c:61: error: size of array 'test_array' is negative
configure:4325: $? = 1
configure: failed program was:
| /* confdefs.h.  */
| #define PACKAGE_NAME "readline"
| #define PACKAGE_TARNAME "readline"
| #define PACKAGE_VERSION "6.2"
| #define PACKAGE_STRING "readline 6.2"
| #define PACKAGE_BUGREPORT "bug-readline@gnu.org"
| #define STDC_HEADERS 1
| #define HAVE_SYS_TYPES_H 1
| #define HAVE_SYS_STAT_H 1
| #define HAVE_STDLIB_H 1
| #define HAVE_STRING_H 1
| #define HAVE_MEMORY_H 1
| #define HAVE_STRINGS_H 1
| #define HAVE_INTTYPES_H 1
| #define HAVE_STDINT_H 1
| #define HAVE_UNISTD_H 1
| #define __EXTENSIONS__ 1
| #define _ALL_SOURCE 1
| #define _GNU_SOURCE 1
| #define _POSIX_PTHREAD_SEMANTICS 1
| #define _TANDEM_SOURCE 1
| #define PROTOTYPES 1
| #define __PROTOTYPES 1
| /* end confdefs.h.  */
| #include <stdio.h>
| #ifdef HAVE_SYS_TYPES_H
| # include <sys/types.h>
| #endif
| #ifdef HAVE_SYS_STAT_H
| # include <sys/stat.h>
| #endif
| #ifdef STDC_HEADERS
| # include <stdlib.h>
| # include <stddef.h>
| #else
| # ifdef HAVE_STDLIB_H
| #  include <stdlib.h>
| # endif
| #endif
| #ifdef HAVE_STRING_H
| # if !defined STDC_HEADERS && defined HAVE_MEMORY_H
| #  include <memory.h>
| # endif
| # include <string.h>
| #endif
| #ifdef HAVE_STRINGS_H
| # include <strings.h>
| #endif
| #ifdef HAVE_INTTYPES_H
| # include <inttypes.h>
| #endif
| #ifdef HAVE_STDINT_H
| # include <stdint.h>
| #endif
| #ifdef HAVE_UNISTD_H
| # include <unistd.h>
| #endif
| int
| main ()
| {
| static int test_array [1 - 2 * !(((char) -1) < 0)];
| test_array [0] = 0
| 
|   ;
|   return 0;
| }
configure:4340: result: yes
configure:4349: checking for working volatile
configure:4378: /home/user/workdir/toolchain/arm-2009q1/bin/arm-none-linux-gnueabi-gcc -c -g -O  conftest.c >&5
configure:4385: $? = 0
configure:4400: result: yes
configure:4411: checking return type of signal handlers
configure:4439: /home/user/workdir/toolchain/arm-2009q1/bin/arm-none-linux-gnueabi-gcc -c -g -O  conftest.c >&5
conftest.c: In function 'main':
conftest.c:31: error: void value not ignored as it ought to be
configure:4446: $? = 1
configure: failed program was:
| /* confdefs.h.  */
| #define PACKAGE_NAME "readline"
| #define PACKAGE_TARNAME "readline"
| #define PACKAGE_VERSION "6.2"
| #define PACKAGE_STRING "readline 6.2"
| #define PACKAGE_BUGREPORT "bug-readline@gnu.org"
| #define STDC_HEADERS 1
| #define HAVE_SYS_TYPES_H 1
| #define HAVE_SYS_STAT_H 1
| #define HAVE_STDLIB_H 1
| #define HAVE_STRING_H 1
| #define HAVE_MEMORY_H 1
| #define HAVE_STRINGS_H 1
| #define HAVE_INTTYPES_H 1
| #define HAVE_STDINT_H 1
| #define HAVE_UNISTD_H 1
| #define __EXTENSIONS__ 1
| #define _ALL_SOURCE 1
| #define _GNU_SOURCE 1
| #define _POSIX_PTHREAD_SEMANTICS 1
| #define _TANDEM_SOURCE 1
| #define PROTOTYPES 1
| #define __PROTOTYPES 1
| /* end confdefs.h.  */
| #include <sys/types.h>
| #include <signal.h>
| 
| int
| main ()
| {
| return *(signal (0, 0)) (0) == 1;
|   ;
|   return 0;
| }
configure:4461: result: void
configure:4470: checking for size_t
configure:4498: /home/user/workdir/toolchain/arm-2009q1/bin/arm-none-linux-gnueabi-gcc -c -g -O  conftest.c >&5
configure:4505: $? = 0
configure:4532: /home/user/workdir/toolchain/arm-2009q1/bin/arm-none-linux-gnueabi-gcc -c -g -O  conftest.c >&5
conftest.c: In function 'main':
conftest.c:62: error: expected expression before ')' token
configure:4539: $? = 1
configure: failed program was:
| /* confdefs.h.  */
| #define PACKAGE_NAME "readline"
| #define PACKAGE_TARNAME "readline"
| #define PACKAGE_VERSION "6.2"
| #define PACKAGE_STRING "readline 6.2"
| #define PACKAGE_BUGREPORT "bug-readline@gnu.org"
| #define STDC_HEADERS 1
| #define HAVE_SYS_TYPES_H 1
| #define HAVE_SYS_STAT_H 1
| #define HAVE_STDLIB_H 1
| #define HAVE_STRING_H 1
| #define HAVE_MEMORY_H 1
| #define HAVE_STRINGS_H 1
| #define HAVE_INTTYPES_H 1
| #define HAVE_STDINT_H 1
| #define HAVE_UNISTD_H 1
| #define __EXTENSIONS__ 1
| #define _ALL_SOURCE 1
| #define _GNU_SOURCE 1
| #define _POSIX_PTHREAD_SEMANTICS 1
| #define _TANDEM_SOURCE 1
| #define PROTOTYPES 1
| #define __PROTOTYPES 1
| #define RETSIGTYPE void
| /* end confdefs.h.  */
| #include <stdio.h>
| #ifdef HAVE_SYS_TYPES_H
| # include <sys/types.h>
| #endif
| #ifdef HAVE_SYS_STAT_H
| # include <sys/stat.h>
| #endif
| #ifdef STDC_HEADERS
| # include <stdlib.h>
| # include <stddef.h>
| #else
| # ifdef HAVE_STDLIB_H
| #  include <stdlib.h>
| # endif
| #endif
| #ifdef HAVE_STRING_H
| # if !defined STDC_HEADERS && defined HAVE_MEMORY_H
| #  include <memory.h>
| # endif
| # include <string.h>
| #endif
| #ifdef HAVE_STRINGS_H
| # include <strings.h>
| #endif
| #ifdef HAVE_INTTYPES_H
| # include <inttypes.h>
| #endif
| #ifdef HAVE_STDINT_H
| # include <stdint.h>
| #endif
| #ifdef HAVE_UNISTD_H
| # include <unistd.h>
| #endif
| int
| main ()
| {
| if (sizeof ((size_t)))
| 	  return 0;
|   ;
|   return 0;
| }
configure:4562: result: yes
configure:4574: checking for ssize_t
configure:4602: /home/user/workdir/toolchain/arm-2009q1/bin/arm-none-linux-gnueabi-gcc -c -g -O  conftest.c >&5
configure:4609: $? = 0
configure:4636: /home/user/workdir/toolchain/arm-2009q1/bin/arm-none-linux-gnueabi-gcc -c -g -O  conftest.c >&5
conftest.c: In function 'main':
conftest.c:62: error: expected expression before ')' token
configure:4643: $? = 1
configure: failed program was:
| /* confdefs.h.  */
| #define PACKAGE_NAME "readline"
| #define PACKAGE_TARNAME "readline"
| #define PACKAGE_VERSION "6.2"
| #define PACKAGE_STRING "readline 6.2"
| #define PACKAGE_BUGREPORT "bug-readline@gnu.org"
| #define STDC_HEADERS 1
| #define HAVE_SYS_TYPES_H 1
| #define HAVE_SYS_STAT_H 1
| #define HAVE_STDLIB_H 1
| #define HAVE_STRING_H 1
| #define HAVE_MEMORY_H 1
| #define HAVE_STRINGS_H 1
| #define HAVE_INTTYPES_H 1
| #define HAVE_STDINT_H 1
| #define HAVE_UNISTD_H 1
| #define __EXTENSIONS__ 1
| #define _ALL_SOURCE 1
| #define _GNU_SOURCE 1
| #define _POSIX_PTHREAD_SEMANTICS 1
| #define _TANDEM_SOURCE 1
| #define PROTOTYPES 1
| #define __PROTOTYPES 1
| #define RETSIGTYPE void
| /* end confdefs.h.  */
| #include <stdio.h>
| #ifdef HAVE_SYS_TYPES_H
| # include <sys/types.h>
| #endif
| #ifdef HAVE_SYS_STAT_H
| # include <sys/stat.h>
| #endif
| #ifdef STDC_HEADERS
| # include <stdlib.h>
| # include <stddef.h>
| #else
| # ifdef HAVE_STDLIB_H
| #  include <stdlib.h>
| # endif
| #endif
| #ifdef HAVE_STRING_H
| # if !defined STDC_HEADERS && defined HAVE_MEMORY_H
| #  include <memory.h>
| # endif
| # include <string.h>
| #endif
| #ifdef HAVE_STRINGS_H
| # include <strings.h>
| #endif
| #ifdef HAVE_INTTYPES_H
| # include <inttypes.h>
| #endif
| #ifdef HAVE_STDINT_H
| # include <stdint.h>
| #endif
| #ifdef HAVE_UNISTD_H
| # include <unistd.h>
| #endif
| int
| main ()
| {
| if (sizeof ((ssize_t)))
| 	  return 0;
|   ;
|   return 0;
| }
configure:4666: result: yes
configure:4679: checking for ANSI C header files
configure:4847: result: yes
configure:4858: checking whether stat file-mode macros are broken
configure:4895: /home/user/workdir/toolchain/arm-2009q1/bin/arm-none-linux-gnueabi-gcc -c -g -O  conftest.c >&5
configure:4902: $? = 0
configure:4917: result: no
configure:4935: checking for dirent.h that defines DIR
configure:4964: /home/user/workdir/toolchain/arm-2009q1/bin/arm-none-linux-gnueabi-gcc -c -g -O  conftest.c >&5
configure:4971: $? = 0
configure:4988: result: yes
configure:5003: checking for library containing opendir
configure:5044: /home/user/workdir/toolchain/arm-2009q1/bin/arm-none-linux-gnueabi-gcc -o conftest -g -O   conftest.c  >&5
configure:5051: $? = 0
configure:5082: result: none required
configure:5187: checking for fcntl
configure:5243: /home/user/workdir/toolchain/arm-2009q1/bin/arm-none-linux-gnueabi-gcc -o conftest -g -O   conftest.c  >&5
configure:5250: $? = 0
configure:5272: result: yes
configure:5187: checking for kill
configure:5243: /home/user/workdir/toolchain/arm-2009q1/bin/arm-none-linux-gnueabi-gcc -o conftest -g -O   conftest.c  >&5
configure:5250: $? = 0
configure:5272: result: yes
configure:5187: checking for lstat
configure:5243: /home/user/workdir/toolchain/arm-2009q1/bin/arm-none-linux-gnueabi-gcc -o conftest -g -O   conftest.c  >&5
configure:5250: $? = 0
configure:5272: result: yes
configure:5297: checking for memmove
configure:5353: /home/user/workdir/toolchain/arm-2009q1/bin/arm-none-linux-gnueabi-gcc -o conftest -g -O   conftest.c  >&5
conftest.c:54: warning: conflicting types for built-in function 'memmove'
configure:5360: $? = 0
configure:5382: result: yes
configure:5297: checking for putenv
configure:5353: /home/user/workdir/toolchain/arm-2009q1/bin/arm-none-linux-gnueabi-gcc -o conftest -g -O   conftest.c  >&5
configure:5360: $? = 0
configure:5382: result: yes
configure:5297: checking for select
configure:5353: /home/user/workdir/toolchain/arm-2009q1/bin/arm-none-linux-gnueabi-gcc -o conftest -g -O   conftest.c  >&5
configure:5360: $? = 0
configure:5382: result: yes
configure:5297: checking for setenv
configure:5353: /home/user/workdir/toolchain/arm-2009q1/bin/arm-none-linux-gnueabi-gcc -o conftest -g -O   conftest.c  >&5
configure:5360: $? = 0
configure:5382: result: yes
configure:5297: checking for setlocale
configure:5353: /home/user/workdir/toolchain/arm-2009q1/bin/arm-none-linux-gnueabi-gcc -o conftest -g -O   conftest.c  >&5
configure:5360: $? = 0
configure:5382: result: yes
configure:5297: checking for strcasecmp
configure:5353: /home/user/workdir/toolchain/arm-2009q1/bin/arm-none-linux-gnueabi-gcc -o conftest -g -O   conftest.c  >&5
conftest.c:59: warning: conflicting types for built-in function 'strcasecmp'
configure:5360: $? = 0
configure:5382: result: yes
configure:5297: checking for strpbrk
configure:5353: /home/user/workdir/toolchain/arm-2009q1/bin/arm-none-linux-gnueabi-gcc -o conftest -g -O   conftest.c  >&5
conftest.c:60: warning: conflicting types for built-in function 'strpbrk'
configure:5360: $? = 0
configure:5382: result: yes
configure:5297: checking for tcgetattr
configure:5353: /home/user/workdir/toolchain/arm-2009q1/bin/arm-none-linux-gnueabi-gcc -o conftest -g -O   conftest.c  >&5
configure:5360: $? = 0
configure:5382: result: yes
configure:5297: checking for vsnprintf
configure:5353: /home/user/workdir/toolchain/arm-2009q1/bin/arm-none-linux-gnueabi-gcc -o conftest -g -O   conftest.c  >&5
conftest.c:62: warning: conflicting types for built-in function 'vsnprintf'
configure:5360: $? = 0
configure:5382: result: yes
configure:5399: checking for isascii
configure:5455: /home/user/workdir/toolchain/arm-2009q1/bin/arm-none-linux-gnueabi-gcc -o conftest -g -O   conftest.c  >&5
conftest.c:63: warning: conflicting types for built-in function 'isascii'
configure:5462: $? = 0
configure:5484: result: yes
configure:5399: checking for isxdigit
configure:5455: /home/user/workdir/toolchain/arm-2009q1/bin/arm-none-linux-gnueabi-gcc -o conftest -g -O   conftest.c  >&5
conftest.c:64: warning: conflicting types for built-in function 'isxdigit'
configure:5462: $? = 0
configure:5484: result: yes
configure:5502: checking for getpwent
configure:5558: /home/user/workdir/toolchain/arm-2009q1/bin/arm-none-linux-gnueabi-gcc -o conftest -g -O   conftest.c  >&5
configure:5565: $? = 0
configure:5587: result: yes
configure:5502: checking for getpwnam
configure:5558: /home/user/workdir/toolchain/arm-2009q1/bin/arm-none-linux-gnueabi-gcc -o conftest -g -O   conftest.c  >&5
configure:5565: $? = 0
configure:5587: result: yes
configure:5502: checking for getpwuid
configure:5558: /home/user/workdir/toolchain/arm-2009q1/bin/arm-none-linux-gnueabi-gcc -o conftest -g -O   conftest.c  >&5
configure:5565: $? = 0
configure:5587: result: yes
configure:5600: checking for working strcoll
configure:5662: result: no
configure:5703: checking fcntl.h usability
configure:5720: /home/user/workdir/toolchain/arm-2009q1/bin/arm-none-linux-gnueabi-gcc -c -g -O  conftest.c >&5
configure:5727: $? = 0
configure:5741: result: yes
configure:5745: checking fcntl.h presence
configure:5760: /home/user/workdir/toolchain/arm-2009q1/bin/arm-none-linux-gnueabi-gcc -E  conftest.c
configure:5767: $? = 0
configure:5781: result: yes
configure:5814: checking for fcntl.h
configure:5823: result: yes
configure:5692: checking for unistd.h
configure:5699: result: yes
configure:5692: checking for stdlib.h
configure:5699: result: yes
configure:5703: checking varargs.h usability
configure:5720: /home/user/workdir/toolchain/arm-2009q1/bin/arm-none-linux-gnueabi-gcc -c -g -O  conftest.c >&5
In file included from conftest.c:81:
/home/user/workdir/toolchain/arm-2009q1/bin/../lib/gcc/arm-none-linux-gnueabi/4.3.3/include/varargs.h:4:2: error: #error "GCC no longer implements <varargs.h>."
/home/user/workdir/toolchain/arm-2009q1/bin/../lib/gcc/arm-none-linux-gnueabi/4.3.3/include/varargs.h:5:2: error: #error "Revise your code to use <stdarg.h>."
configure:5727: $? = 1
configure: failed program was:
| /* confdefs.h.  */
| #define PACKAGE_NAME "readline"
| #define PACKAGE_TARNAME "readline"
| #define PACKAGE_VERSION "6.2"
| #define PACKAGE_STRING "readline 6.2"
| #define PACKAGE_BUGREPORT "bug-readline@gnu.org"
| #define STDC_HEADERS 1
| #define HAVE_SYS_TYPES_H 1
| #define HAVE_SYS_STAT_H 1
| #define HAVE_STDLIB_H 1
| #define HAVE_STRING_H 1
| #define HAVE_MEMORY_H 1
| #define HAVE_STRINGS_H 1
| #define HAVE_INTTYPES_H 1
| #define HAVE_STDINT_H 1
| #define HAVE_UNISTD_H 1
| #define __EXTENSIONS__ 1
| #define _ALL_SOURCE 1
| #define _GNU_SOURCE 1
| #define _POSIX_PTHREAD_SEMANTICS 1
| #define _TANDEM_SOURCE 1
| #define PROTOTYPES 1
| #define __PROTOTYPES 1
| #define RETSIGTYPE void
| #define STDC_HEADERS 1
| #define HAVE_DIRENT_H 1
| #define HAVE_FCNTL 1
| #define HAVE_KILL 1
| #define HAVE_LSTAT 1
| #define HAVE_MEMMOVE 1
| #define HAVE_PUTENV 1
| #define HAVE_SELECT 1
| #define HAVE_SETENV 1
| #define HAVE_SETLOCALE 1
| #define HAVE_STRCASECMP 1
| #define HAVE_STRPBRK 1
| #define HAVE_TCGETATTR 1
| #define HAVE_VSNPRINTF 1
| #define HAVE_ISASCII 1
| #define HAVE_ISXDIGIT 1
| #define HAVE_GETPWENT 1
| #define HAVE_GETPWNAM 1
| #define HAVE_GETPWUID 1
| #define HAVE_FCNTL_H 1
| #define HAVE_UNISTD_H 1
| #define HAVE_STDLIB_H 1
| /* end confdefs.h.  */
| #include <stdio.h>
| #ifdef HAVE_SYS_TYPES_H
| # include <sys/types.h>
| #endif
| #ifdef HAVE_SYS_STAT_H
| # include <sys/stat.h>
| #endif
| #ifdef STDC_HEADERS
| # include <stdlib.h>
| # include <stddef.h>
| #else
| # ifdef HAVE_STDLIB_H
| #  include <stdlib.h>
| # endif
| #endif
| #ifdef HAVE_STRING_H
| # if !defined STDC_HEADERS && defined HAVE_MEMORY_H
| #  include <memory.h>
| # endif
| # include <string.h>
| #endif
| #ifdef HAVE_STRINGS_H
| # include <strings.h>
| #endif
| #ifdef HAVE_INTTYPES_H
| # include <inttypes.h>
| #endif
| #ifdef HAVE_STDINT_H
| # include <stdint.h>
| #endif
| #ifdef HAVE_UNISTD_H
| # include <unistd.h>
| #endif
| #include <varargs.h>
configure:5741: result: no
configure:5745: checking varargs.h presence
configure:5760: /home/user/workdir/toolchain/arm-2009q1/bin/arm-none-linux-gnueabi-gcc -E  conftest.c
In file included from conftest.c:48:
/home/user/workdir/toolchain/arm-2009q1/bin/../lib/gcc/arm-none-linux-gnueabi/4.3.3/include/varargs.h:4:2: error: #error "GCC no longer implements <varargs.h>."
/home/user/workdir/toolchain/arm-2009q1/bin/../lib/gcc/arm-none-linux-gnueabi/4.3.3/include/varargs.h:5:2: error: #error "Revise your code to use <stdarg.h>."
configure:5767: $? = 1
configure: failed program was:
| /* confdefs.h.  */
| #define PACKAGE_NAME "readline"
| #define PACKAGE_TARNAME "readline"
| #define PACKAGE_VERSION "6.2"
| #define PACKAGE_STRING "readline 6.2"
| #define PACKAGE_BUGREPORT "bug-readline@gnu.org"
| #define STDC_HEADERS 1
| #define HAVE_SYS_TYPES_H 1
| #define HAVE_SYS_STAT_H 1
| #define HAVE_STDLIB_H 1
| #define HAVE_STRING_H 1
| #define HAVE_MEMORY_H 1
| #define HAVE_STRINGS_H 1
| #define HAVE_INTTYPES_H 1
| #define HAVE_STDINT_H 1
| #define HAVE_UNISTD_H 1
| #define __EXTENSIONS__ 1
| #define _ALL_SOURCE 1
| #define _GNU_SOURCE 1
| #define _POSIX_PTHREAD_SEMANTICS 1
| #define _TANDEM_SOURCE 1
| #define PROTOTYPES 1
| #define __PROTOTYPES 1
| #define RETSIGTYPE void
| #define STDC_HEADERS 1
| #define HAVE_DIRENT_H 1
| #define HAVE_FCNTL 1
| #define HAVE_KILL 1
| #define HAVE_LSTAT 1
| #define HAVE_MEMMOVE 1
| #define HAVE_PUTENV 1
| #define HAVE_SELECT 1
| #define HAVE_SETENV 1
| #define HAVE_SETLOCALE 1
| #define HAVE_STRCASECMP 1
| #define HAVE_STRPBRK 1
| #define HAVE_TCGETATTR 1
| #define HAVE_VSNPRINTF 1
| #define HAVE_ISASCII 1
| #define HAVE_ISXDIGIT 1
| #define HAVE_GETPWENT 1
| #define HAVE_GETPWNAM 1
| #define HAVE_GETPWUID 1
| #define HAVE_FCNTL_H 1
| #define HAVE_UNISTD_H 1
| #define HAVE_STDLIB_H 1
| /* end confdefs.h.  */
| #include <varargs.h>
configure:5781: result: no
configure:5814: checking for varargs.h
configure:5823: result: no
configure:5703: checking stdarg.h usability
configure:5720: /home/user/workdir/toolchain/arm-2009q1/bin/arm-none-linux-gnueabi-gcc -c -g -O  conftest.c >&5
configure:5727: $? = 0
configure:5741: result: yes
configure:5745: checking stdarg.h presence
configure:5760: /home/user/workdir/toolchain/arm-2009q1/bin/arm-none-linux-gnueabi-gcc -E  conftest.c
configure:5767: $? = 0
configure:5781: result: yes
configure:5814: checking for stdarg.h
configure:5823: result: yes
configure:5692: checking for string.h
configure:5699: result: yes
configure:5692: checking for strings.h
configure:5699: result: yes
configure:5703: checking limits.h usability
configure:5720: /home/user/workdir/toolchain/arm-2009q1/bin/arm-none-linux-gnueabi-gcc -c -g -O  conftest.c >&5
configure:5727: $? = 0
configure:5741: result: yes
configure:5745: checking limits.h presence
configure:5760: /home/user/workdir/toolchain/arm-2009q1/bin/arm-none-linux-gnueabi-gcc -E  conftest.c
configure:5767: $? = 0
configure:5781: result: yes
configure:5814: checking for limits.h
configure:5823: result: yes
configure:5703: checking locale.h usability
configure:5720: /home/user/workdir/toolchain/arm-2009q1/bin/arm-none-linux-gnueabi-gcc -c -g -O  conftest.c >&5
configure:5727: $? = 0
configure:5741: result: yes
configure:5745: checking locale.h presence
configure:5760: /home/user/workdir/toolchain/arm-2009q1/bin/arm-none-linux-gnueabi-gcc -E  conftest.c
configure:5767: $? = 0
configure:5781: result: yes
configure:5814: checking for locale.h
configure:5823: result: yes
configure:5703: checking pwd.h usability
configure:5720: /home/user/workdir/toolchain/arm-2009q1/bin/arm-none-linux-gnueabi-gcc -c -g -O  conftest.c >&5
configure:5727: $? = 0
configure:5741: result: yes
configure:5745: checking pwd.h presence
configure:5760: /home/user/workdir/toolchain/arm-2009q1/bin/arm-none-linux-gnueabi-gcc -E  conftest.c
configure:5767: $? = 0
configure:5781: result: yes
configure:5814: checking for pwd.h
configure:5823: result: yes
configure:5692: checking for memory.h
configure:5699: result: yes
configure:5703: checking termcap.h usability
configure:5720: /home/user/workdir/toolchain/arm-2009q1/bin/arm-none-linux-gnueabi-gcc -c -g -O  conftest.c >&5
conftest.c:88:21: error: termcap.h: No such file or directory
configure:5727: $? = 1
configure: failed program was:
| /* confdefs.h.  */
| #define PACKAGE_NAME "readline"
| #define PACKAGE_TARNAME "readline"
| #define PACKAGE_VERSION "6.2"
| #define PACKAGE_STRING "readline 6.2"
| #define PACKAGE_BUGREPORT "bug-readline@gnu.org"
| #define STDC_HEADERS 1
| #define HAVE_SYS_TYPES_H 1
| #define HAVE_SYS_STAT_H 1
| #define HAVE_STDLIB_H 1
| #define HAVE_STRING_H 1
| #define HAVE_MEMORY_H 1
| #define HAVE_STRINGS_H 1
| #define HAVE_INTTYPES_H 1
| #define HAVE_STDINT_H 1
| #define HAVE_UNISTD_H 1
| #define __EXTENSIONS__ 1
| #define _ALL_SOURCE 1
| #define _GNU_SOURCE 1
| #define _POSIX_PTHREAD_SEMANTICS 1
| #define _TANDEM_SOURCE 1
| #define PROTOTYPES 1
| #define __PROTOTYPES 1
| #define RETSIGTYPE void
| #define STDC_HEADERS 1
| #define HAVE_DIRENT_H 1
| #define HAVE_FCNTL 1
| #define HAVE_KILL 1
| #define HAVE_LSTAT 1
| #define HAVE_MEMMOVE 1
| #define HAVE_PUTENV 1
| #define HAVE_SELECT 1
| #define HAVE_SETENV 1
| #define HAVE_SETLOCALE 1
| #define HAVE_STRCASECMP 1
| #define HAVE_STRPBRK 1
| #define HAVE_TCGETATTR 1
| #define HAVE_VSNPRINTF 1
| #define HAVE_ISASCII 1
| #define HAVE_ISXDIGIT 1
| #define HAVE_GETPWENT 1
| #define HAVE_GETPWNAM 1
| #define HAVE_GETPWUID 1
| #define HAVE_FCNTL_H 1
| #define HAVE_UNISTD_H 1
| #define HAVE_STDLIB_H 1
| #define HAVE_STDARG_H 1
| #define HAVE_STRING_H 1
| #define HAVE_STRINGS_H 1
| #define HAVE_LIMITS_H 1
| #define HAVE_LOCALE_H 1
| #define HAVE_PWD_H 1
| #define HAVE_MEMORY_H 1
| /* end confdefs.h.  */
| #include <stdio.h>
| #ifdef HAVE_SYS_TYPES_H
| # include <sys/types.h>
| #endif
| #ifdef HAVE_SYS_STAT_H
| # include <sys/stat.h>
| #endif
| #ifdef STDC_HEADERS
| # include <stdlib.h>
| # include <stddef.h>
| #else
| # ifdef HAVE_STDLIB_H
| #  include <stdlib.h>
| # endif
| #endif
| #ifdef HAVE_STRING_H
| # if !defined STDC_HEADERS && defined HAVE_MEMORY_H
| #  include <memory.h>
| # endif
| # include <string.h>
| #endif
| #ifdef HAVE_STRINGS_H
| # include <strings.h>
| #endif
| #ifdef HAVE_INTTYPES_H
| # include <inttypes.h>
| #endif
| #ifdef HAVE_STDINT_H
| # include <stdint.h>
| #endif
| #ifdef HAVE_UNISTD_H
| # include <unistd.h>
| #endif
| #include <termcap.h>
configure:5741: result: no
configure:5745: checking termcap.h presence
configure:5760: /home/user/workdir/toolchain/arm-2009q1/bin/arm-none-linux-gnueabi-gcc -E  conftest.c
conftest.c:55:21: error: termcap.h: No such file or directory
configure:5767: $? = 1
configure: failed program was:
| /* confdefs.h.  */
| #define PACKAGE_NAME "readline"
| #define PACKAGE_TARNAME "readline"
| #define PACKAGE_VERSION "6.2"
| #define PACKAGE_STRING "readline 6.2"
| #define PACKAGE_BUGREPORT "bug-readline@gnu.org"
| #define STDC_HEADERS 1
| #define HAVE_SYS_TYPES_H 1
| #define HAVE_SYS_STAT_H 1
| #define HAVE_STDLIB_H 1
| #define HAVE_STRING_H 1
| #define HAVE_MEMORY_H 1
| #define HAVE_STRINGS_H 1
| #define HAVE_INTTYPES_H 1
| #define HAVE_STDINT_H 1
| #define HAVE_UNISTD_H 1
| #define __EXTENSIONS__ 1
| #define _ALL_SOURCE 1
| #define _GNU_SOURCE 1
| #define _POSIX_PTHREAD_SEMANTICS 1
| #define _TANDEM_SOURCE 1
| #define PROTOTYPES 1
| #define __PROTOTYPES 1
| #define RETSIGTYPE void
| #define STDC_HEADERS 1
| #define HAVE_DIRENT_H 1
| #define HAVE_FCNTL 1
| #define HAVE_KILL 1
| #define HAVE_LSTAT 1
| #define HAVE_MEMMOVE 1
| #define HAVE_PUTENV 1
| #define HAVE_SELECT 1
| #define HAVE_SETENV 1
| #define HAVE_SETLOCALE 1
| #define HAVE_STRCASECMP 1
| #define HAVE_STRPBRK 1
| #define HAVE_TCGETATTR 1
| #define HAVE_VSNPRINTF 1
| #define HAVE_ISASCII 1
| #define HAVE_ISXDIGIT 1
| #define HAVE_GETPWENT 1
| #define HAVE_GETPWNAM 1
| #define HAVE_GETPWUID 1
| #define HAVE_FCNTL_H 1
| #define HAVE_UNISTD_H 1
| #define HAVE_STDLIB_H 1
| #define HAVE_STDARG_H 1
| #define HAVE_STRING_H 1
| #define HAVE_STRINGS_H 1
| #define HAVE_LIMITS_H 1
| #define HAVE_LOCALE_H 1
| #define HAVE_PWD_H 1
| #define HAVE_MEMORY_H 1
| /* end confdefs.h.  */
| #include <termcap.h>
configure:5781: result: no
configure:5814: checking for termcap.h
configure:5823: result: no
configure:5703: checking termios.h usability
configure:5720: /home/user/workdir/toolchain/arm-2009q1/bin/arm-none-linux-gnueabi-gcc -c -g -O  conftest.c >&5
configure:5727: $? = 0
configure:5741: result: yes
configure:5745: checking termios.h presence
configure:5760: /home/user/workdir/toolchain/arm-2009q1/bin/arm-none-linux-gnueabi-gcc -E  conftest.c
configure:5767: $? = 0
configure:5781: result: yes
configure:5814: checking for termios.h
configure:5823: result: yes
configure:5703: checking termio.h usability
configure:5720: /home/user/workdir/toolchain/arm-2009q1/bin/arm-none-linux-gnueabi-gcc -c -g -O  conftest.c >&5
configure:5727: $? = 0
configure:5741: result: yes
configure:5745: checking termio.h presence
configure:5760: /home/user/workdir/toolchain/arm-2009q1/bin/arm-none-linux-gnueabi-gcc -E  conftest.c
configure:5767: $? = 0
configure:5781: result: yes
configure:5814: checking for termio.h
configure:5823: result: yes
configure:5857: checking sys/pte.h usability
configure:5874: /home/user/workdir/toolchain/arm-2009q1/bin/arm-none-linux-gnueabi-gcc -c -g -O  conftest.c >&5
conftest.c:90:21: error: sys/pte.h: No such file or directory
configure:5881: $? = 1
configure: failed program was:
| /* confdefs.h.  */
| #define PACKAGE_NAME "readline"
| #define PACKAGE_TARNAME "readline"
| #define PACKAGE_VERSION "6.2"
| #define PACKAGE_STRING "readline 6.2"
| #define PACKAGE_BUGREPORT "bug-readline@gnu.org"
| #define STDC_HEADERS 1
| #define HAVE_SYS_TYPES_H 1
| #define HAVE_SYS_STAT_H 1
| #define HAVE_STDLIB_H 1
| #define HAVE_STRING_H 1
| #define HAVE_MEMORY_H 1
| #define HAVE_STRINGS_H 1
| #define HAVE_INTTYPES_H 1
| #define HAVE_STDINT_H 1
| #define HAVE_UNISTD_H 1
| #define __EXTENSIONS__ 1
| #define _ALL_SOURCE 1
| #define _GNU_SOURCE 1
| #define _POSIX_PTHREAD_SEMANTICS 1
| #define _TANDEM_SOURCE 1
| #define PROTOTYPES 1
| #define __PROTOTYPES 1
| #define RETSIGTYPE void
| #define STDC_HEADERS 1
| #define HAVE_DIRENT_H 1
| #define HAVE_FCNTL 1
| #define HAVE_KILL 1
| #define HAVE_LSTAT 1
| #define HAVE_MEMMOVE 1
| #define HAVE_PUTENV 1
| #define HAVE_SELECT 1
| #define HAVE_SETENV 1
| #define HAVE_SETLOCALE 1
| #define HAVE_STRCASECMP 1
| #define HAVE_STRPBRK 1
| #define HAVE_TCGETATTR 1
| #define HAVE_VSNPRINTF 1
| #define HAVE_ISASCII 1
| #define HAVE_ISXDIGIT 1
| #define HAVE_GETPWENT 1
| #define HAVE_GETPWNAM 1
| #define HAVE_GETPWUID 1
| #define HAVE_FCNTL_H 1
| #define HAVE_UNISTD_H 1
| #define HAVE_STDLIB_H 1
| #define HAVE_STDARG_H 1
| #define HAVE_STRING_H 1
| #define HAVE_STRINGS_H 1
| #define HAVE_LIMITS_H 1
| #define HAVE_LOCALE_H 1
| #define HAVE_PWD_H 1
| #define HAVE_MEMORY_H 1
| #define HAVE_TERMIOS_H 1
| #define HAVE_TERMIO_H 1
| /* end confdefs.h.  */
| #include <stdio.h>
| #ifdef HAVE_SYS_TYPES_H
| # include <sys/types.h>
| #endif
| #ifdef HAVE_SYS_STAT_H
| # include <sys/stat.h>
| #endif
| #ifdef STDC_HEADERS
| # include <stdlib.h>
| # include <stddef.h>
| #else
| # ifdef HAVE_STDLIB_H
| #  include <stdlib.h>
| # endif
| #endif
| #ifdef HAVE_STRING_H
| # if !defined STDC_HEADERS && defined HAVE_MEMORY_H
| #  include <memory.h>
| # endif
| # include <string.h>
| #endif
| #ifdef HAVE_STRINGS_H
| # include <strings.h>
| #endif
| #ifdef HAVE_INTTYPES_H
| # include <inttypes.h>
| #endif
| #ifdef HAVE_STDINT_H
| # include <stdint.h>
| #endif
| #ifdef HAVE_UNISTD_H
| # include <unistd.h>
| #endif
| #include <sys/pte.h>
configure:5895: result: no
configure:5899: checking sys/pte.h presence
configure:5914: /home/user/workdir/toolchain/arm-2009q1/bin/arm-none-linux-gnueabi-gcc -E  conftest.c
conftest.c:57:21: error: sys/pte.h: No such file or directory
configure:5921: $? = 1
configure: failed program was:
| /* confdefs.h.  */
| #define PACKAGE_NAME "readline"
| #define PACKAGE_TARNAME "readline"
| #define PACKAGE_VERSION "6.2"
| #define PACKAGE_STRING "readline 6.2"
| #define PACKAGE_BUGREPORT "bug-readline@gnu.org"
| #define STDC_HEADERS 1
| #define HAVE_SYS_TYPES_H 1
| #define HAVE_SYS_STAT_H 1
| #define HAVE_STDLIB_H 1
| #define HAVE_STRING_H 1
| #define HAVE_MEMORY_H 1
| #define HAVE_STRINGS_H 1
| #define HAVE_INTTYPES_H 1
| #define HAVE_STDINT_H 1
| #define HAVE_UNISTD_H 1
| #define __EXTENSIONS__ 1
| #define _ALL_SOURCE 1
| #define _GNU_SOURCE 1
| #define _POSIX_PTHREAD_SEMANTICS 1
| #define _TANDEM_SOURCE 1
| #define PROTOTYPES 1
| #define __PROTOTYPES 1
| #define RETSIGTYPE void
| #define STDC_HEADERS 1
| #define HAVE_DIRENT_H 1
| #define HAVE_FCNTL 1
| #define HAVE_KILL 1
| #define HAVE_LSTAT 1
| #define HAVE_MEMMOVE 1
| #define HAVE_PUTENV 1
| #define HAVE_SELECT 1
| #define HAVE_SETENV 1
| #define HAVE_SETLOCALE 1
| #define HAVE_STRCASECMP 1
| #define HAVE_STRPBRK 1
| #define HAVE_TCGETATTR 1
| #define HAVE_VSNPRINTF 1
| #define HAVE_ISASCII 1
| #define HAVE_ISXDIGIT 1
| #define HAVE_GETPWENT 1
| #define HAVE_GETPWNAM 1
| #define HAVE_GETPWUID 1
| #define HAVE_FCNTL_H 1
| #define HAVE_UNISTD_H 1
| #define HAVE_STDLIB_H 1
| #define HAVE_STDARG_H 1
| #define HAVE_STRING_H 1
| #define HAVE_STRINGS_H 1
| #define HAVE_LIMITS_H 1
| #define HAVE_LOCALE_H 1
| #define HAVE_PWD_H 1
| #define HAVE_MEMORY_H 1
| #define HAVE_TERMIOS_H 1
| #define HAVE_TERMIO_H 1
| /* end confdefs.h.  */
| #include <sys/pte.h>
configure:5935: result: no
configure:5968: checking for sys/pte.h
configure:5977: result: no
configure:5857: checking sys/stream.h usability
configure:5874: /home/user/workdir/toolchain/arm-2009q1/bin/arm-none-linux-gnueabi-gcc -c -g -O  conftest.c >&5
conftest.c:90:24: error: sys/stream.h: No such file or directory
configure:5881: $? = 1
configure: failed program was:
| /* confdefs.h.  */
| #define PACKAGE_NAME "readline"
| #define PACKAGE_TARNAME "readline"
| #define PACKAGE_VERSION "6.2"
| #define PACKAGE_STRING "readline 6.2"
| #define PACKAGE_BUGREPORT "bug-readline@gnu.org"
| #define STDC_HEADERS 1
| #define HAVE_SYS_TYPES_H 1
| #define HAVE_SYS_STAT_H 1
| #define HAVE_STDLIB_H 1
| #define HAVE_STRING_H 1
| #define HAVE_MEMORY_H 1
| #define HAVE_STRINGS_H 1
| #define HAVE_INTTYPES_H 1
| #define HAVE_STDINT_H 1
| #define HAVE_UNISTD_H 1
| #define __EXTENSIONS__ 1
| #define _ALL_SOURCE 1
| #define _GNU_SOURCE 1
| #define _POSIX_PTHREAD_SEMANTICS 1
| #define _TANDEM_SOURCE 1
| #define PROTOTYPES 1
| #define __PROTOTYPES 1
| #define RETSIGTYPE void
| #define STDC_HEADERS 1
| #define HAVE_DIRENT_H 1
| #define HAVE_FCNTL 1
| #define HAVE_KILL 1
| #define HAVE_LSTAT 1
| #define HAVE_MEMMOVE 1
| #define HAVE_PUTENV 1
| #define HAVE_SELECT 1
| #define HAVE_SETENV 1
| #define HAVE_SETLOCALE 1
| #define HAVE_STRCASECMP 1
| #define HAVE_STRPBRK 1
| #define HAVE_TCGETATTR 1
| #define HAVE_VSNPRINTF 1
| #define HAVE_ISASCII 1
| #define HAVE_ISXDIGIT 1
| #define HAVE_GETPWENT 1
| #define HAVE_GETPWNAM 1
| #define HAVE_GETPWUID 1
| #define HAVE_FCNTL_H 1
| #define HAVE_UNISTD_H 1
| #define HAVE_STDLIB_H 1
| #define HAVE_STDARG_H 1
| #define HAVE_STRING_H 1
| #define HAVE_STRINGS_H 1
| #define HAVE_LIMITS_H 1
| #define HAVE_LOCALE_H 1
| #define HAVE_PWD_H 1
| #define HAVE_MEMORY_H 1
| #define HAVE_TERMIOS_H 1
| #define HAVE_TERMIO_H 1
| /* end confdefs.h.  */
| #include <stdio.h>
| #ifdef HAVE_SYS_TYPES_H
| # include <sys/types.h>
| #endif
| #ifdef HAVE_SYS_STAT_H
| # include <sys/stat.h>
| #endif
| #ifdef STDC_HEADERS
| # include <stdlib.h>
| # include <stddef.h>
| #else
| # ifdef HAVE_STDLIB_H
| #  include <stdlib.h>
| # endif
| #endif
| #ifdef HAVE_STRING_H
| # if !defined STDC_HEADERS && defined HAVE_MEMORY_H
| #  include <memory.h>
| # endif
| # include <string.h>
| #endif
| #ifdef HAVE_STRINGS_H
| # include <strings.h>
| #endif
| #ifdef HAVE_INTTYPES_H
| # include <inttypes.h>
| #endif
| #ifdef HAVE_STDINT_H
| # include <stdint.h>
| #endif
| #ifdef HAVE_UNISTD_H
| # include <unistd.h>
| #endif
| #include <sys/stream.h>
configure:5895: result: no
configure:5899: checking sys/stream.h presence
configure:5914: /home/user/workdir/toolchain/arm-2009q1/bin/arm-none-linux-gnueabi-gcc -E  conftest.c
conftest.c:57:24: error: sys/stream.h: No such file or directory
configure:5921: $? = 1
configure: failed program was:
| /* confdefs.h.  */
| #define PACKAGE_NAME "readline"
| #define PACKAGE_TARNAME "readline"
| #define PACKAGE_VERSION "6.2"
| #define PACKAGE_STRING "readline 6.2"
| #define PACKAGE_BUGREPORT "bug-readline@gnu.org"
| #define STDC_HEADERS 1
| #define HAVE_SYS_TYPES_H 1
| #define HAVE_SYS_STAT_H 1
| #define HAVE_STDLIB_H 1
| #define HAVE_STRING_H 1
| #define HAVE_MEMORY_H 1
| #define HAVE_STRINGS_H 1
| #define HAVE_INTTYPES_H 1
| #define HAVE_STDINT_H 1
| #define HAVE_UNISTD_H 1
| #define __EXTENSIONS__ 1
| #define _ALL_SOURCE 1
| #define _GNU_SOURCE 1
| #define _POSIX_PTHREAD_SEMANTICS 1
| #define _TANDEM_SOURCE 1
| #define PROTOTYPES 1
| #define __PROTOTYPES 1
| #define RETSIGTYPE void
| #define STDC_HEADERS 1
| #define HAVE_DIRENT_H 1
| #define HAVE_FCNTL 1
| #define HAVE_KILL 1
| #define HAVE_LSTAT 1
| #define HAVE_MEMMOVE 1
| #define HAVE_PUTENV 1
| #define HAVE_SELECT 1
| #define HAVE_SETENV 1
| #define HAVE_SETLOCALE 1
| #define HAVE_STRCASECMP 1
| #define HAVE_STRPBRK 1
| #define HAVE_TCGETATTR 1
| #define HAVE_VSNPRINTF 1
| #define HAVE_ISASCII 1
| #define HAVE_ISXDIGIT 1
| #define HAVE_GETPWENT 1
| #define HAVE_GETPWNAM 1
| #define HAVE_GETPWUID 1
| #define HAVE_FCNTL_H 1
| #define HAVE_UNISTD_H 1
| #define HAVE_STDLIB_H 1
| #define HAVE_STDARG_H 1
| #define HAVE_STRING_H 1
| #define HAVE_STRINGS_H 1
| #define HAVE_LIMITS_H 1
| #define HAVE_LOCALE_H 1
| #define HAVE_PWD_H 1
| #define HAVE_MEMORY_H 1
| #define HAVE_TERMIOS_H 1
| #define HAVE_TERMIO_H 1
| /* end confdefs.h.  */
| #include <sys/stream.h>
configure:5935: result: no
configure:5968: checking for sys/stream.h
configure:5977: result: no
configure:5857: checking sys/select.h usability
configure:5874: /home/user/workdir/toolchain/arm-2009q1/bin/arm-none-linux-gnueabi-gcc -c -g -O  conftest.c >&5
configure:5881: $? = 0
configure:5895: result: yes
configure:5899: checking sys/select.h presence
configure:5914: /home/user/workdir/toolchain/arm-2009q1/bin/arm-none-linux-gnueabi-gcc -E  conftest.c
configure:5921: $? = 0
configure:5935: result: yes
configure:5968: checking for sys/select.h
configure:5977: result: yes
configure:5857: checking sys/file.h usability
configure:5874: /home/user/workdir/toolchain/arm-2009q1/bin/arm-none-linux-gnueabi-gcc -c -g -O  conftest.c >&5
configure:5881: $? = 0
configure:5895: result: yes
configure:5899: checking sys/file.h presence
configure:5914: /home/user/workdir/toolchain/arm-2009q1/bin/arm-none-linux-gnueabi-gcc -E  conftest.c
configure:5921: $? = 0
configure:5935: result: yes
configure:5968: checking for sys/file.h
configure:5977: result: yes
configure:5997: checking for sys/ptem.h
configure:6022: /home/user/workdir/toolchain/arm-2009q1/bin/arm-none-linux-gnueabi-gcc -c -g -O  conftest.c >&5
conftest.c:65:22: error: sys/ptem.h: No such file or directory
configure:6029: $? = 1
configure: failed program was:
| /* confdefs.h.  */
| #define PACKAGE_NAME "readline"
| #define PACKAGE_TARNAME "readline"
| #define PACKAGE_VERSION "6.2"
| #define PACKAGE_STRING "readline 6.2"
| #define PACKAGE_BUGREPORT "bug-readline@gnu.org"
| #define STDC_HEADERS 1
| #define HAVE_SYS_TYPES_H 1
| #define HAVE_SYS_STAT_H 1
| #define HAVE_STDLIB_H 1
| #define HAVE_STRING_H 1
| #define HAVE_MEMORY_H 1
| #define HAVE_STRINGS_H 1
| #define HAVE_INTTYPES_H 1
| #define HAVE_STDINT_H 1
| #define HAVE_UNISTD_H 1
| #define __EXTENSIONS__ 1
| #define _ALL_SOURCE 1
| #define _GNU_SOURCE 1
| #define _POSIX_PTHREAD_SEMANTICS 1
| #define _TANDEM_SOURCE 1
| #define PROTOTYPES 1
| #define __PROTOTYPES 1
| #define RETSIGTYPE void
| #define STDC_HEADERS 1
| #define HAVE_DIRENT_H 1
| #define HAVE_FCNTL 1
| #define HAVE_KILL 1
| #define HAVE_LSTAT 1
| #define HAVE_MEMMOVE 1
| #define HAVE_PUTENV 1
| #define HAVE_SELECT 1
| #define HAVE_SETENV 1
| #define HAVE_SETLOCALE 1
| #define HAVE_STRCASECMP 1
| #define HAVE_STRPBRK 1
| #define HAVE_TCGETATTR 1
| #define HAVE_VSNPRINTF 1
| #define HAVE_ISASCII 1
| #define HAVE_ISXDIGIT 1
| #define HAVE_GETPWENT 1
| #define HAVE_GETPWNAM 1
| #define HAVE_GETPWUID 1
| #define HAVE_FCNTL_H 1
| #define HAVE_UNISTD_H 1
| #define HAVE_STDLIB_H 1
| #define HAVE_STDARG_H 1
| #define HAVE_STRING_H 1
| #define HAVE_STRINGS_H 1
| #define HAVE_LIMITS_H 1
| #define HAVE_LOCALE_H 1
| #define HAVE_PWD_H 1
| #define HAVE_MEMORY_H 1
| #define HAVE_TERMIOS_H 1
| #define HAVE_TERMIO_H 1
| #define HAVE_SYS_SELECT_H 1
| #define HAVE_SYS_FILE_H 1
| /* end confdefs.h.  */
| 
| #if HAVE_SYS_STREAM_H
| #  include <sys/stream.h>
| #endif
| 
| 
| #include <sys/ptem.h>
configure:6046: result: no
configure:6067: checking for special C compiler options needed for large files
configure:6162: result: no
configure:6168: checking for _FILE_OFFSET_BITS value needed for large files
configure:6203: /home/user/workdir/toolchain/arm-2009q1/bin/arm-none-linux-gnueabi-gcc -c -g -O  conftest.c >&5
conftest.c:65: warning: left shift count >= width of type
conftest.c:65: warning: left shift count >= width of type
conftest.c:67: error: size of array 'off_t_is_large' is negative
configure:6210: $? = 1
configure: failed program was:
| /* confdefs.h.  */
| #define PACKAGE_NAME "readline"
| #define PACKAGE_TARNAME "readline"
| #define PACKAGE_VERSION "6.2"
| #define PACKAGE_STRING "readline 6.2"
| #define PACKAGE_BUGREPORT "bug-readline@gnu.org"
| #define STDC_HEADERS 1
| #define HAVE_SYS_TYPES_H 1
| #define HAVE_SYS_STAT_H 1
| #define HAVE_STDLIB_H 1
| #define HAVE_STRING_H 1
| #define HAVE_MEMORY_H 1
| #define HAVE_STRINGS_H 1
| #define HAVE_INTTYPES_H 1
| #define HAVE_STDINT_H 1
| #define HAVE_UNISTD_H 1
| #define __EXTENSIONS__ 1
| #define _ALL_SOURCE 1
| #define _GNU_SOURCE 1
| #define _POSIX_PTHREAD_SEMANTICS 1
| #define _TANDEM_SOURCE 1
| #define PROTOTYPES 1
| #define __PROTOTYPES 1
| #define RETSIGTYPE void
| #define STDC_HEADERS 1
| #define HAVE_DIRENT_H 1
| #define HAVE_FCNTL 1
| #define HAVE_KILL 1
| #define HAVE_LSTAT 1
| #define HAVE_MEMMOVE 1
| #define HAVE_PUTENV 1
| #define HAVE_SELECT 1
| #define HAVE_SETENV 1
| #define HAVE_SETLOCALE 1
| #define HAVE_STRCASECMP 1
| #define HAVE_STRPBRK 1
| #define HAVE_TCGETATTR 1
| #define HAVE_VSNPRINTF 1
| #define HAVE_ISASCII 1
| #define HAVE_ISXDIGIT 1
| #define HAVE_GETPWENT 1
| #define HAVE_GETPWNAM 1
| #define HAVE_GETPWUID 1
| #define HAVE_FCNTL_H 1
| #define HAVE_UNISTD_H 1
| #define HAVE_STDLIB_H 1
| #define HAVE_STDARG_H 1
| #define HAVE_STRING_H 1
| #define HAVE_STRINGS_H 1
| #define HAVE_LIMITS_H 1
| #define HAVE_LOCALE_H 1
| #define HAVE_PWD_H 1
| #define HAVE_MEMORY_H 1
| #define HAVE_TERMIOS_H 1
| #define HAVE_TERMIO_H 1
| #define HAVE_SYS_SELECT_H 1
| #define HAVE_SYS_FILE_H 1
| /* end confdefs.h.  */
| #include <sys/types.h>
|  /* Check that off_t can represent 2**63 - 1 correctly.
|     We can't simply define LARGE_OFF_T to be 9223372036854775807,
|     since some C++ compilers masquerading as C compilers
|     incorrectly reject 9223372036854775807.  */
| #define LARGE_OFF_T (((off_t) 1 << 62) - 1 + ((off_t) 1 << 62))
|   int off_t_is_large[(LARGE_OFF_T % 2147483629 == 721
| 		       && LARGE_OFF_T % 2147483647 == 1)
| 		      ? 1 : -1];
| int
| main ()
| {
| 
|   ;
|   return 0;
| }
configure:6254: /home/user/workdir/toolchain/arm-2009q1/bin/arm-none-linux-gnueabi-gcc -c -g -O  conftest.c >&5
configure:6261: $? = 0
configure:6279: result: 64
configure:6418: checking for type of signal functions
configure:6451: /home/user/workdir/toolchain/arm-2009q1/bin/arm-none-linux-gnueabi-gcc -o conftest -g -O   conftest.c  >&5
configure:6458: $? = 0
configure:6586: result: posix
configure:6607: checking if signal handlers must be reinstalled when invoked
configure:6613: WARNING: cannot check signal handling if cross compiling -- defaulting to no
configure:6707: result: no
configure:6718: checking for presence of POSIX-style sigsetjmp/siglongjmp
configure:6724: WARNING: cannot check for sigsetjmp/siglongjmp if cross-compiling -- defaulting to missing
configure:6812: result: missing
configure:6821: checking for lstat
configure:6850: /home/user/workdir/toolchain/arm-2009q1/bin/arm-none-linux-gnueabi-gcc -o conftest -g -O   conftest.c  >&5
configure:6857: $? = 0
configure:6877: result: yes
configure:6887: checking whether or not strcoll and strcmp differ
configure:6893: WARNING: cannot check strcoll if cross compiling -- defaulting to no
configure:6979: result: no
configure:6989: checking whether the ctype macros accept non-ascii characters
configure:6995: WARNING: cannot check ctype macros if cross compiling -- defaulting to no
configure:7076: result: no
configure:7086: checking whether getpw functions are declared in pwd.h
configure:7115: result: yes
configure:7125: checking whether termios.h defines TIOCGWINSZ
configure:7152: result: no
configure:7156: checking whether sys/ioctl.h defines TIOCGWINSZ
configure:7183: result: yes
configure:7196: checking for sig_atomic_t in signal.h
configure:7224: /home/user/workdir/toolchain/arm-2009q1/bin/arm-none-linux-gnueabi-gcc -o conftest -g -O   conftest.c  >&5
configure:7231: $? = 0
configure:7251: result: yes
configure:7361: checking whether signal handlers are of type void
configure:7395: /home/user/workdir/toolchain/arm-2009q1/bin/arm-none-linux-gnueabi-gcc -c -g -O  conftest.c >&5
configure:7402: $? = 0
configure:7417: result: yes
configure:7427: checking for TIOCSTAT in sys/ioctl.h
configure:7454: /home/user/workdir/toolchain/arm-2009q1/bin/arm-none-linux-gnueabi-gcc -c -g -O  conftest.c >&5
conftest.c: In function 'main':
conftest.c:70: error: 'TIOCSTAT' undeclared (first use in this function)
conftest.c:70: error: (Each undeclared identifier is reported only once
conftest.c:70: error: for each function it appears in.)
configure:7461: $? = 1
configure: failed program was:
| /* confdefs.h.  */
| #define PACKAGE_NAME "readline"
| #define PACKAGE_TARNAME "readline"
| #define PACKAGE_VERSION "6.2"
| #define PACKAGE_STRING "readline 6.2"
| #define PACKAGE_BUGREPORT "bug-readline@gnu.org"
| #define STDC_HEADERS 1
| #define HAVE_SYS_TYPES_H 1
| #define HAVE_SYS_STAT_H 1
| #define HAVE_STDLIB_H 1
| #define HAVE_STRING_H 1
| #define HAVE_MEMORY_H 1
| #define HAVE_STRINGS_H 1
| #define HAVE_INTTYPES_H 1
| #define HAVE_STDINT_H 1
| #define HAVE_UNISTD_H 1
| #define __EXTENSIONS__ 1
| #define _ALL_SOURCE 1
| #define _GNU_SOURCE 1
| #define _POSIX_PTHREAD_SEMANTICS 1
| #define _TANDEM_SOURCE 1
| #define PROTOTYPES 1
| #define __PROTOTYPES 1
| #define RETSIGTYPE void
| #define STDC_HEADERS 1
| #define HAVE_DIRENT_H 1
| #define HAVE_FCNTL 1
| #define HAVE_KILL 1
| #define HAVE_LSTAT 1
| #define HAVE_MEMMOVE 1
| #define HAVE_PUTENV 1
| #define HAVE_SELECT 1
| #define HAVE_SETENV 1
| #define HAVE_SETLOCALE 1
| #define HAVE_STRCASECMP 1
| #define HAVE_STRPBRK 1
| #define HAVE_TCGETATTR 1
| #define HAVE_VSNPRINTF 1
| #define HAVE_ISASCII 1
| #define HAVE_ISXDIGIT 1
| #define HAVE_GETPWENT 1
| #define HAVE_GETPWNAM 1
| #define HAVE_GETPWUID 1
| #define HAVE_FCNTL_H 1
| #define HAVE_UNISTD_H 1
| #define HAVE_STDLIB_H 1
| #define HAVE_STDARG_H 1
| #define HAVE_STRING_H 1
| #define HAVE_STRINGS_H 1
| #define HAVE_LIMITS_H 1
| #define HAVE_LOCALE_H 1
| #define HAVE_PWD_H 1
| #define HAVE_MEMORY_H 1
| #define HAVE_TERMIOS_H 1
| #define HAVE_TERMIO_H 1
| #define HAVE_SYS_SELECT_H 1
| #define HAVE_SYS_FILE_H 1
| #define _FILE_OFFSET_BITS 64
| #define HAVE_POSIX_SIGNALS 1
| #define HAVE_LSTAT 1
| #define HAVE_GETPW_DECLS 1
| #define GWINSZ_IN_SYS_IOCTL 1
| #define VOID_SIGHANDLER 1
| /* end confdefs.h.  */
| #include <sys/types.h>
| #include <sys/ioctl.h>
| int
| main ()
| {
| int x = TIOCSTAT;
|   ;
|   return 0;
| }
configure:7477: result: no
configure:7486: checking for FIONREAD in sys/ioctl.h
configure:7513: /home/user/workdir/toolchain/arm-2009q1/bin/arm-none-linux-gnueabi-gcc -c -g -O  conftest.c >&5
configure:7520: $? = 0
configure:7536: result: yes
configure:7545: checking for speed_t in sys/types.h
configure:7571: /home/user/workdir/toolchain/arm-2009q1/bin/arm-none-linux-gnueabi-gcc -c -g -O  conftest.c >&5
conftest.c: In function 'main':
conftest.c:70: error: 'speed_t' undeclared (first use in this function)
conftest.c:70: error: (Each undeclared identifier is reported only once
conftest.c:70: error: for each function it appears in.)
conftest.c:70: error: expected ';' before 'x'
configure:7578: $? = 1
configure: failed program was:
| /* confdefs.h.  */
| #define PACKAGE_NAME "readline"
| #define PACKAGE_TARNAME "readline"
| #define PACKAGE_VERSION "6.2"
| #define PACKAGE_STRING "readline 6.2"
| #define PACKAGE_BUGREPORT "bug-readline@gnu.org"
| #define STDC_HEADERS 1
| #define HAVE_SYS_TYPES_H 1
| #define HAVE_SYS_STAT_H 1
| #define HAVE_STDLIB_H 1
| #define HAVE_STRING_H 1
| #define HAVE_MEMORY_H 1
| #define HAVE_STRINGS_H 1
| #define HAVE_INTTYPES_H 1
| #define HAVE_STDINT_H 1
| #define HAVE_UNISTD_H 1
| #define __EXTENSIONS__ 1
| #define _ALL_SOURCE 1
| #define _GNU_SOURCE 1
| #define _POSIX_PTHREAD_SEMANTICS 1
| #define _TANDEM_SOURCE 1
| #define PROTOTYPES 1
| #define __PROTOTYPES 1
| #define RETSIGTYPE void
| #define STDC_HEADERS 1
| #define HAVE_DIRENT_H 1
| #define HAVE_FCNTL 1
| #define HAVE_KILL 1
| #define HAVE_LSTAT 1
| #define HAVE_MEMMOVE 1
| #define HAVE_PUTENV 1
| #define HAVE_SELECT 1
| #define HAVE_SETENV 1
| #define HAVE_SETLOCALE 1
| #define HAVE_STRCASECMP 1
| #define HAVE_STRPBRK 1
| #define HAVE_TCGETATTR 1
| #define HAVE_VSNPRINTF 1
| #define HAVE_ISASCII 1
| #define HAVE_ISXDIGIT 1
| #define HAVE_GETPWENT 1
| #define HAVE_GETPWNAM 1
| #define HAVE_GETPWUID 1
| #define HAVE_FCNTL_H 1
| #define HAVE_UNISTD_H 1
| #define HAVE_STDLIB_H 1
| #define HAVE_STDARG_H 1
| #define HAVE_STRING_H 1
| #define HAVE_STRINGS_H 1
| #define HAVE_LIMITS_H 1
| #define HAVE_LOCALE_H 1
| #define HAVE_PWD_H 1
| #define HAVE_MEMORY_H 1
| #define HAVE_TERMIOS_H 1
| #define HAVE_TERMIO_H 1
| #define HAVE_SYS_SELECT_H 1
| #define HAVE_SYS_FILE_H 1
| #define _FILE_OFFSET_BITS 64
| #define HAVE_POSIX_SIGNALS 1
| #define HAVE_LSTAT 1
| #define HAVE_GETPW_DECLS 1
| #define GWINSZ_IN_SYS_IOCTL 1
| #define VOID_SIGHANDLER 1
| #define FIONREAD_IN_SYS_IOCTL 1
| /* end confdefs.h.  */
| #include <sys/types.h>
| int
| main ()
| {
| speed_t x;
|   ;
|   return 0;
| }
configure:7594: result: no
configure:7603: checking for struct winsize in sys/ioctl.h and termios.h
configure:7630: /home/user/workdir/toolchain/arm-2009q1/bin/arm-none-linux-gnueabi-gcc -c -g -O  conftest.c >&5
configure:7637: $? = 0
configure:7697: result: sys/ioctl.h
configure:7716: checking for struct dirent.d_ino
configure:7764: /home/user/workdir/toolchain/arm-2009q1/bin/arm-none-linux-gnueabi-gcc -c -g -O  conftest.c >&5
configure:7771: $? = 0
configure:7787: result: yes
configure:7797: checking for struct dirent.d_fileno
configure:7845: /home/user/workdir/toolchain/arm-2009q1/bin/arm-none-linux-gnueabi-gcc -c -g -O  conftest.c >&5
configure:7852: $? = 0
configure:7868: result: yes
configure:7892: checking for tgetent
configure:7948: /home/user/workdir/toolchain/arm-2009q1/bin/arm-none-linux-gnueabi-gcc -o conftest -g -O   conftest.c  >&5
/tmp/cc8Dd14J.o: In function `main':
/home/user/workdir/81xx/ipnc_app/network/readline-6.2/conftest.c:103: undefined reference to `tgetent'
collect2: ld returned 1 exit status
configure:7955: $? = 1
configure: failed program was:
| /* confdefs.h.  */
| #define PACKAGE_NAME "readline"
| #define PACKAGE_TARNAME "readline"
| #define PACKAGE_VERSION "6.2"
| #define PACKAGE_STRING "readline 6.2"
| #define PACKAGE_BUGREPORT "bug-readline@gnu.org"
| #define STDC_HEADERS 1
| #define HAVE_SYS_TYPES_H 1
| #define HAVE_SYS_STAT_H 1
| #define HAVE_STDLIB_H 1
| #define HAVE_STRING_H 1
| #define HAVE_MEMORY_H 1
| #define HAVE_STRINGS_H 1
| #define HAVE_INTTYPES_H 1
| #define HAVE_STDINT_H 1
| #define HAVE_UNISTD_H 1
| #define __EXTENSIONS__ 1
| #define _ALL_SOURCE 1
| #define _GNU_SOURCE 1
| #define _POSIX_PTHREAD_SEMANTICS 1
| #define _TANDEM_SOURCE 1
| #define PROTOTYPES 1
| #define __PROTOTYPES 1
| #define RETSIGTYPE void
| #define STDC_HEADERS 1
| #define HAVE_DIRENT_H 1
| #define HAVE_FCNTL 1
| #define HAVE_KILL 1
| #define HAVE_LSTAT 1
| #define HAVE_MEMMOVE 1
| #define HAVE_PUTENV 1
| #define HAVE_SELECT 1
| #define HAVE_SETENV 1
| #define HAVE_SETLOCALE 1
| #define HAVE_STRCASECMP 1
| #define HAVE_STRPBRK 1
| #define HAVE_TCGETATTR 1
| #define HAVE_VSNPRINTF 1
| #define HAVE_ISASCII 1
| #define HAVE_ISXDIGIT 1
| #define HAVE_GETPWENT 1
| #define HAVE_GETPWNAM 1
| #define HAVE_GETPWUID 1
| #define HAVE_FCNTL_H 1
| #define HAVE_UNISTD_H 1
| #define HAVE_STDLIB_H 1
| #define HAVE_STDARG_H 1
| #define HAVE_STRING_H 1
| #define HAVE_STRINGS_H 1
| #define HAVE_LIMITS_H 1
| #define HAVE_LOCALE_H 1
| #define HAVE_PWD_H 1
| #define HAVE_MEMORY_H 1
| #define HAVE_TERMIOS_H 1
| #define HAVE_TERMIO_H 1
| #define HAVE_SYS_SELECT_H 1
| #define HAVE_SYS_FILE_H 1
| #define _FILE_OFFSET_BITS 64
| #define HAVE_POSIX_SIGNALS 1
| #define HAVE_LSTAT 1
| #define HAVE_GETPW_DECLS 1
| #define GWINSZ_IN_SYS_IOCTL 1
| #define VOID_SIGHANDLER 1
| #define FIONREAD_IN_SYS_IOCTL 1
| #define STRUCT_WINSIZE_IN_SYS_IOCTL 1
| #define HAVE_STRUCT_DIRENT_D_INO 1
| #define HAVE_STRUCT_DIRENT_D_FILENO 1
| /* end confdefs.h.  */
| /* Define tgetent to an innocuous variant, in case <limits.h> declares tgetent.
|    For example, HP-UX 11i <limits.h> declares gettimeofday.  */
| #define tgetent innocuous_tgetent
| 
| /* System header to define __stub macros and hopefully few prototypes,
|     which can conflict with char tgetent (); below.
|     Prefer <limits.h> to <assert.h> if __STDC__ is defined, since
|     <limits.h> exists even on freestanding compilers.  */
| 
| #ifdef __STDC__
| # include <limits.h>
| #else
| # include <assert.h>
| #endif
| 
| #undef tgetent
| 
| /* Override any GCC internal prototype to avoid an error.
|    Use char because int might match the return type of a GCC
|    builtin and then its argument prototype would still apply.  */
| #ifdef __cplusplus
| extern "C"
| #endif
| char tgetent ();
| /* The GNU C library defines this for functions which it implements
|     to always fail with ENOSYS.  Some functions are actually named
|     something starting with __ and the normal name is an alias.  */
| #if defined __stub_tgetent || defined __stub___tgetent
| choke me
| #endif
| 
| int
| main ()
| {
| return tgetent ();
|   ;
|   return 0;
| }
configure:7975: result: no
configure:7980: checking for tgetent in -ltermcap
configure:8015: /home/user/workdir/toolchain/arm-2009q1/bin/arm-none-linux-gnueabi-gcc -o conftest -g -O   conftest.c -ltermcap   >&5
/home/user/workdir/toolchain/arm-2009q1/bin/../lib/gcc/arm-none-linux-gnueabi/4.3.3/../../../../arm-none-linux-gnueabi/bin/ld: cannot find -ltermcap
collect2: ld returned 1 exit status
configure:8022: $? = 1
configure: failed program was:
| /* confdefs.h.  */
| #define PACKAGE_NAME "readline"
| #define PACKAGE_TARNAME "readline"
| #define PACKAGE_VERSION "6.2"
| #define PACKAGE_STRING "readline 6.2"
| #define PACKAGE_BUGREPORT "bug-readline@gnu.org"
| #define STDC_HEADERS 1
| #define HAVE_SYS_TYPES_H 1
| #define HAVE_SYS_STAT_H 1
| #define HAVE_STDLIB_H 1
| #define HAVE_STRING_H 1
| #define HAVE_MEMORY_H 1
| #define HAVE_STRINGS_H 1
| #define HAVE_INTTYPES_H 1
| #define HAVE_STDINT_H 1
| #define HAVE_UNISTD_H 1
| #define __EXTENSIONS__ 1
| #define _ALL_SOURCE 1
| #define _GNU_SOURCE 1
| #define _POSIX_PTHREAD_SEMANTICS 1
| #define _TANDEM_SOURCE 1
| #define PROTOTYPES 1
| #define __PROTOTYPES 1
| #define RETSIGTYPE void
| #define STDC_HEADERS 1
| #define HAVE_DIRENT_H 1
| #define HAVE_FCNTL 1
| #define HAVE_KILL 1
| #define HAVE_LSTAT 1
| #define HAVE_MEMMOVE 1
| #define HAVE_PUTENV 1
| #define HAVE_SELECT 1
| #define HAVE_SETENV 1
| #define HAVE_SETLOCALE 1
| #define HAVE_STRCASECMP 1
| #define HAVE_STRPBRK 1
| #define HAVE_TCGETATTR 1
| #define HAVE_VSNPRINTF 1
| #define HAVE_ISASCII 1
| #define HAVE_ISXDIGIT 1
| #define HAVE_GETPWENT 1
| #define HAVE_GETPWNAM 1
| #define HAVE_GETPWUID 1
| #define HAVE_FCNTL_H 1
| #define HAVE_UNISTD_H 1
| #define HAVE_STDLIB_H 1
| #define HAVE_STDARG_H 1
| #define HAVE_STRING_H 1
| #define HAVE_STRINGS_H 1
| #define HAVE_LIMITS_H 1
| #define HAVE_LOCALE_H 1
| #define HAVE_PWD_H 1
| #define HAVE_MEMORY_H 1
| #define HAVE_TERMIOS_H 1
| #define HAVE_TERMIO_H 1
| #define HAVE_SYS_SELECT_H 1
| #define HAVE_SYS_FILE_H 1
| #define _FILE_OFFSET_BITS 64
| #define HAVE_POSIX_SIGNALS 1
| #define HAVE_LSTAT 1
| #define HAVE_GETPW_DECLS 1
| #define GWINSZ_IN_SYS_IOCTL 1
| #define VOID_SIGHANDLER 1
| #define FIONREAD_IN_SYS_IOCTL 1
| #define STRUCT_WINSIZE_IN_SYS_IOCTL 1
| #define HAVE_STRUCT_DIRENT_D_INO 1
| #define HAVE_STRUCT_DIRENT_D_FILENO 1
| /* end confdefs.h.  */
| 
| /* Override any GCC internal prototype to avoid an error.
|    Use char because int might match the return type of a GCC
|    builtin and then its argument prototype would still apply.  */
| #ifdef __cplusplus
| extern "C"
| #endif
| char tgetent ();
| int
| main ()
| {
| return tgetent ();
|   ;
|   return 0;
| }
configure:8043: result: no
configure:8048: checking for tgetent in -ltinfo
configure:8083: /home/user/workdir/toolchain/arm-2009q1/bin/arm-none-linux-gnueabi-gcc -o conftest -g -O   conftest.c -ltinfo   >&5
/home/user/workdir/toolchain/arm-2009q1/bin/../lib/gcc/arm-none-linux-gnueabi/4.3.3/../../../../arm-none-linux-gnueabi/bin/ld: cannot find -ltinfo
collect2: ld returned 1 exit status
configure:8090: $? = 1
configure: failed program was:
| /* confdefs.h.  */
| #define PACKAGE_NAME "readline"
| #define PACKAGE_TARNAME "readline"
| #define PACKAGE_VERSION "6.2"
| #define PACKAGE_STRING "readline 6.2"
| #define PACKAGE_BUGREPORT "bug-readline@gnu.org"
| #define STDC_HEADERS 1
| #define HAVE_SYS_TYPES_H 1
| #define HAVE_SYS_STAT_H 1
| #define HAVE_STDLIB_H 1
| #define HAVE_STRING_H 1
| #define HAVE_MEMORY_H 1
| #define HAVE_STRINGS_H 1
| #define HAVE_INTTYPES_H 1
| #define HAVE_STDINT_H 1
| #define HAVE_UNISTD_H 1
| #define __EXTENSIONS__ 1
| #define _ALL_SOURCE 1
| #define _GNU_SOURCE 1
| #define _POSIX_PTHREAD_SEMANTICS 1
| #define _TANDEM_SOURCE 1
| #define PROTOTYPES 1
| #define __PROTOTYPES 1
| #define RETSIGTYPE void
| #define STDC_HEADERS 1
| #define HAVE_DIRENT_H 1
| #define HAVE_FCNTL 1
| #define HAVE_KILL 1
| #define HAVE_LSTAT 1
| #define HAVE_MEMMOVE 1
| #define HAVE_PUTENV 1
| #define HAVE_SELECT 1
| #define HAVE_SETENV 1
| #define HAVE_SETLOCALE 1
| #define HAVE_STRCASECMP 1
| #define HAVE_STRPBRK 1
| #define HAVE_TCGETATTR 1
| #define HAVE_VSNPRINTF 1
| #define HAVE_ISASCII 1
| #define HAVE_ISXDIGIT 1
| #define HAVE_GETPWENT 1
| #define HAVE_GETPWNAM 1
| #define HAVE_GETPWUID 1
| #define HAVE_FCNTL_H 1
| #define HAVE_UNISTD_H 1
| #define HAVE_STDLIB_H 1
| #define HAVE_STDARG_H 1
| #define HAVE_STRING_H 1
| #define HAVE_STRINGS_H 1
| #define HAVE_LIMITS_H 1
| #define HAVE_LOCALE_H 1
| #define HAVE_PWD_H 1
| #define HAVE_MEMORY_H 1
| #define HAVE_TERMIOS_H 1
| #define HAVE_TERMIO_H 1
| #define HAVE_SYS_SELECT_H 1
| #define HAVE_SYS_FILE_H 1
| #define _FILE_OFFSET_BITS 64
| #define HAVE_POSIX_SIGNALS 1
| #define HAVE_LSTAT 1
| #define HAVE_GETPW_DECLS 1
| #define GWINSZ_IN_SYS_IOCTL 1
| #define VOID_SIGHANDLER 1
| #define FIONREAD_IN_SYS_IOCTL 1
| #define STRUCT_WINSIZE_IN_SYS_IOCTL 1
| #define HAVE_STRUCT_DIRENT_D_INO 1
| #define HAVE_STRUCT_DIRENT_D_FILENO 1
| /* end confdefs.h.  */
| 
| /* Override any GCC internal prototype to avoid an error.
|    Use char because int might match the return type of a GCC
|    builtin and then its argument prototype would still apply.  */
| #ifdef __cplusplus
| extern "C"
| #endif
| char tgetent ();
| int
| main ()
| {
| return tgetent ();
|   ;
|   return 0;
| }
configure:8111: result: no
configure:8116: checking for tgetent in -lcurses
configure:8151: /home/user/workdir/toolchain/arm-2009q1/bin/arm-none-linux-gnueabi-gcc -o conftest -g -O   conftest.c -lcurses   >&5
/home/user/workdir/toolchain/arm-2009q1/bin/../lib/gcc/arm-none-linux-gnueabi/4.3.3/../../../../arm-none-linux-gnueabi/bin/ld: cannot find -lcurses
collect2: ld returned 1 exit status
configure:8158: $? = 1
configure: failed program was:
| /* confdefs.h.  */
| #define PACKAGE_NAME "readline"
| #define PACKAGE_TARNAME "readline"
| #define PACKAGE_VERSION "6.2"
| #define PACKAGE_STRING "readline 6.2"
| #define PACKAGE_BUGREPORT "bug-readline@gnu.org"
| #define STDC_HEADERS 1
| #define HAVE_SYS_TYPES_H 1
| #define HAVE_SYS_STAT_H 1
| #define HAVE_STDLIB_H 1
| #define HAVE_STRING_H 1
| #define HAVE_MEMORY_H 1
| #define HAVE_STRINGS_H 1
| #define HAVE_INTTYPES_H 1
| #define HAVE_STDINT_H 1
| #define HAVE_UNISTD_H 1
| #define __EXTENSIONS__ 1
| #define _ALL_SOURCE 1
| #define _GNU_SOURCE 1
| #define _POSIX_PTHREAD_SEMANTICS 1
| #define _TANDEM_SOURCE 1
| #define PROTOTYPES 1
| #define __PROTOTYPES 1
| #define RETSIGTYPE void
| #define STDC_HEADERS 1
| #define HAVE_DIRENT_H 1
| #define HAVE_FCNTL 1
| #define HAVE_KILL 1
| #define HAVE_LSTAT 1
| #define HAVE_MEMMOVE 1
| #define HAVE_PUTENV 1
| #define HAVE_SELECT 1
| #define HAVE_SETENV 1
| #define HAVE_SETLOCALE 1
| #define HAVE_STRCASECMP 1
| #define HAVE_STRPBRK 1
| #define HAVE_TCGETATTR 1
| #define HAVE_VSNPRINTF 1
| #define HAVE_ISASCII 1
| #define HAVE_ISXDIGIT 1
| #define HAVE_GETPWENT 1
| #define HAVE_GETPWNAM 1
| #define HAVE_GETPWUID 1
| #define HAVE_FCNTL_H 1
| #define HAVE_UNISTD_H 1
| #define HAVE_STDLIB_H 1
| #define HAVE_STDARG_H 1
| #define HAVE_STRING_H 1
| #define HAVE_STRINGS_H 1
| #define HAVE_LIMITS_H 1
| #define HAVE_LOCALE_H 1
| #define HAVE_PWD_H 1
| #define HAVE_MEMORY_H 1
| #define HAVE_TERMIOS_H 1
| #define HAVE_TERMIO_H 1
| #define HAVE_SYS_SELECT_H 1
| #define HAVE_SYS_FILE_H 1
| #define _FILE_OFFSET_BITS 64
| #define HAVE_POSIX_SIGNALS 1
| #define HAVE_LSTAT 1
| #define HAVE_GETPW_DECLS 1
| #define GWINSZ_IN_SYS_IOCTL 1
| #define VOID_SIGHANDLER 1
| #define FIONREAD_IN_SYS_IOCTL 1
| #define STRUCT_WINSIZE_IN_SYS_IOCTL 1
| #define HAVE_STRUCT_DIRENT_D_INO 1
| #define HAVE_STRUCT_DIRENT_D_FILENO 1
| /* end confdefs.h.  */
| 
| /* Override any GCC internal prototype to avoid an error.
|    Use char because int might match the return type of a GCC
|    builtin and then its argument prototype would still apply.  */
| #ifdef __cplusplus
| extern "C"
| #endif
| char tgetent ();
| int
| main ()
| {
| return tgetent ();
|   ;
|   return 0;
| }
configure:8179: result: no
configure:8184: checking for tgetent in -lncurses
configure:8219: /home/user/workdir/toolchain/arm-2009q1/bin/arm-none-linux-gnueabi-gcc -o conftest -g -O   conftest.c -lncurses   >&5
/home/user/workdir/toolchain/arm-2009q1/bin/../lib/gcc/arm-none-linux-gnueabi/4.3.3/../../../../arm-none-linux-gnueabi/bin/ld: cannot find -lncurses
collect2: ld returned 1 exit status
configure:8226: $? = 1
configure: failed program was:
| /* confdefs.h.  */
| #define PACKAGE_NAME "readline"
| #define PACKAGE_TARNAME "readline"
| #define PACKAGE_VERSION "6.2"
| #define PACKAGE_STRING "readline 6.2"
| #define PACKAGE_BUGREPORT "bug-readline@gnu.org"
| #define STDC_HEADERS 1
| #define HAVE_SYS_TYPES_H 1
| #define HAVE_SYS_STAT_H 1
| #define HAVE_STDLIB_H 1
| #define HAVE_STRING_H 1
| #define HAVE_MEMORY_H 1
| #define HAVE_STRINGS_H 1
| #define HAVE_INTTYPES_H 1
| #define HAVE_STDINT_H 1
| #define HAVE_UNISTD_H 1
| #define __EXTENSIONS__ 1
| #define _ALL_SOURCE 1
| #define _GNU_SOURCE 1
| #define _POSIX_PTHREAD_SEMANTICS 1
| #define _TANDEM_SOURCE 1
| #define PROTOTYPES 1
| #define __PROTOTYPES 1
| #define RETSIGTYPE void
| #define STDC_HEADERS 1
| #define HAVE_DIRENT_H 1
| #define HAVE_FCNTL 1
| #define HAVE_KILL 1
| #define HAVE_LSTAT 1
| #define HAVE_MEMMOVE 1
| #define HAVE_PUTENV 1
| #define HAVE_SELECT 1
| #define HAVE_SETENV 1
| #define HAVE_SETLOCALE 1
| #define HAVE_STRCASECMP 1
| #define HAVE_STRPBRK 1
| #define HAVE_TCGETATTR 1
| #define HAVE_VSNPRINTF 1
| #define HAVE_ISASCII 1
| #define HAVE_ISXDIGIT 1
| #define HAVE_GETPWENT 1
| #define HAVE_GETPWNAM 1
| #define HAVE_GETPWUID 1
| #define HAVE_FCNTL_H 1
| #define HAVE_UNISTD_H 1
| #define HAVE_STDLIB_H 1
| #define HAVE_STDARG_H 1
| #define HAVE_STRING_H 1
| #define HAVE_STRINGS_H 1
| #define HAVE_LIMITS_H 1
| #define HAVE_LOCALE_H 1
| #define HAVE_PWD_H 1
| #define HAVE_MEMORY_H 1
| #define HAVE_TERMIOS_H 1
| #define HAVE_TERMIO_H 1
| #define HAVE_SYS_SELECT_H 1
| #define HAVE_SYS_FILE_H 1
| #define _FILE_OFFSET_BITS 64
| #define HAVE_POSIX_SIGNALS 1
| #define HAVE_LSTAT 1
| #define HAVE_GETPW_DECLS 1
| #define GWINSZ_IN_SYS_IOCTL 1
| #define VOID_SIGHANDLER 1
| #define FIONREAD_IN_SYS_IOCTL 1
| #define STRUCT_WINSIZE_IN_SYS_IOCTL 1
| #define HAVE_STRUCT_DIRENT_D_INO 1
| #define HAVE_STRUCT_DIRENT_D_FILENO 1
| /* end confdefs.h.  */
| 
| /* Override any GCC internal prototype to avoid an error.
|    Use char because int might match the return type of a GCC
|    builtin and then its argument prototype would still apply.  */
| #ifdef __cplusplus
| extern "C"
| #endif
| char tgetent ();
| int
| main ()
| {
| return tgetent ();
|   ;
|   return 0;
| }
configure:8247: result: no
configure:8266: checking which library has the termcap functions
configure:8269: result: using gnutermcap
configure:8317: checking wctype.h usability
configure:8334: /home/user/workdir/toolchain/arm-2009q1/bin/arm-none-linux-gnueabi-gcc -c -g -O  conftest.c >&5
configure:8341: $? = 0
configure:8355: result: yes
configure:8359: checking wctype.h presence
configure:8374: /home/user/workdir/toolchain/arm-2009q1/bin/arm-none-linux-gnueabi-gcc -E  conftest.c
configure:8381: $? = 0
configure:8395: result: yes
configure:8428: checking for wctype.h
configure:8437: result: yes
configure:8468: checking wchar.h usability
configure:8485: /home/user/workdir/toolchain/arm-2009q1/bin/arm-none-linux-gnueabi-gcc -c -g -O  conftest.c >&5
configure:8492: $? = 0
configure:8506: result: yes
configure:8510: checking wchar.h presence
configure:8525: /home/user/workdir/toolchain/arm-2009q1/bin/arm-none-linux-gnueabi-gcc -E  conftest.c
configure:8532: $? = 0
configure:8546: result: yes
configure:8579: checking for wchar.h
configure:8588: result: yes
configure:8619: checking langinfo.h usability
configure:8636: /home/user/workdir/toolchain/arm-2009q1/bin/arm-none-linux-gnueabi-gcc -c -g -O  conftest.c >&5
configure:8643: $? = 0
configure:8657: result: yes
configure:8661: checking langinfo.h presence
configure:8676: /home/user/workdir/toolchain/arm-2009q1/bin/arm-none-linux-gnueabi-gcc -E  conftest.c
configure:8683: $? = 0
configure:8697: result: yes
configure:8730: checking for langinfo.h
configure:8739: result: yes
configure:8755: checking for mbrlen
configure:8811: /home/user/workdir/toolchain/arm-2009q1/bin/arm-none-linux-gnueabi-gcc -o conftest -g -O   -L./lib/termcap conftest.c  >&5
configure:8818: $? = 0
configure:8838: result: yes
configure:8847: checking for mbscasecmp
configure:8903: /home/user/workdir/toolchain/arm-2009q1/bin/arm-none-linux-gnueabi-gcc -o conftest -g -O   -L./lib/termcap conftest.c  >&5
/tmp/ccWKCoxW.o: In function `main':
/home/user/workdir/81xx/ipnc_app/network/readline-6.2/conftest.c:107: undefined reference to `mbscasecmp'
collect2: ld returned 1 exit status
configure:8910: $? = 1
configure: failed program was:
| /* confdefs.h.  */
| #define PACKAGE_NAME "readline"
| #define PACKAGE_TARNAME "readline"
| #define PACKAGE_VERSION "6.2"
| #define PACKAGE_STRING "readline 6.2"
| #define PACKAGE_BUGREPORT "bug-readline@gnu.org"
| #define STDC_HEADERS 1
| #define HAVE_SYS_TYPES_H 1
| #define HAVE_SYS_STAT_H 1
| #define HAVE_STDLIB_H 1
| #define HAVE_STRING_H 1
| #define HAVE_MEMORY_H 1
| #define HAVE_STRINGS_H 1
| #define HAVE_INTTYPES_H 1
| #define HAVE_STDINT_H 1
| #define HAVE_UNISTD_H 1
| #define __EXTENSIONS__ 1
| #define _ALL_SOURCE 1
| #define _GNU_SOURCE 1
| #define _POSIX_PTHREAD_SEMANTICS 1
| #define _TANDEM_SOURCE 1
| #define PROTOTYPES 1
| #define __PROTOTYPES 1
| #define RETSIGTYPE void
| #define STDC_HEADERS 1
| #define HAVE_DIRENT_H 1
| #define HAVE_FCNTL 1
| #define HAVE_KILL 1
| #define HAVE_LSTAT 1
| #define HAVE_MEMMOVE 1
| #define HAVE_PUTENV 1
| #define HAVE_SELECT 1
| #define HAVE_SETENV 1
| #define HAVE_SETLOCALE 1
| #define HAVE_STRCASECMP 1
| #define HAVE_STRPBRK 1
| #define HAVE_TCGETATTR 1
| #define HAVE_VSNPRINTF 1
| #define HAVE_ISASCII 1
| #define HAVE_ISXDIGIT 1
| #define HAVE_GETPWENT 1
| #define HAVE_GETPWNAM 1
| #define HAVE_GETPWUID 1
| #define HAVE_FCNTL_H 1
| #define HAVE_UNISTD_H 1
| #define HAVE_STDLIB_H 1
| #define HAVE_STDARG_H 1
| #define HAVE_STRING_H 1
| #define HAVE_STRINGS_H 1
| #define HAVE_LIMITS_H 1
| #define HAVE_LOCALE_H 1
| #define HAVE_PWD_H 1
| #define HAVE_MEMORY_H 1
| #define HAVE_TERMIOS_H 1
| #define HAVE_TERMIO_H 1
| #define HAVE_SYS_SELECT_H 1
| #define HAVE_SYS_FILE_H 1
| #define _FILE_OFFSET_BITS 64
| #define HAVE_POSIX_SIGNALS 1
| #define HAVE_LSTAT 1
| #define HAVE_GETPW_DECLS 1
| #define GWINSZ_IN_SYS_IOCTL 1
| #define VOID_SIGHANDLER 1
| #define FIONREAD_IN_SYS_IOCTL 1
| #define STRUCT_WINSIZE_IN_SYS_IOCTL 1
| #define HAVE_STRUCT_DIRENT_D_INO 1
| #define HAVE_STRUCT_DIRENT_D_FILENO 1
| #define HAVE_WCTYPE_H 1
| #define HAVE_WCHAR_H 1
| #define HAVE_LANGINFO_H 1
| #define HAVE_MBRLEN 1
| /* end confdefs.h.  */
| /* Define mbscasecmp to an innocuous variant, in case <limits.h> declares mbscasecmp.
|    For example, HP-UX 11i <limits.h> declares gettimeofday.  */
| #define mbscasecmp innocuous_mbscasecmp
| 
| /* System header to define __stub macros and hopefully few prototypes,
|     which can conflict with char mbscasecmp (); below.
|     Prefer <limits.h> to <assert.h> if __STDC__ is defined, since
|     <limits.h> exists even on freestanding compilers.  */
| 
| #ifdef __STDC__
| # include <limits.h>
| #else
| # include <assert.h>
| #endif
| 
| #undef mbscasecmp
| 
| /* Override any GCC internal prototype to avoid an error.
|    Use char because int might match the return type of a GCC
|    builtin and then its argument prototype would still apply.  */
| #ifdef __cplusplus
| extern "C"
| #endif
| char mbscasecmp ();
| /* The GNU C library defines this for functions which it implements
|     to always fail with ENOSYS.  Some functions are actually named
|     something starting with __ and the normal name is an alias.  */
| #if defined __stub_mbscasecmp || defined __stub___mbscasecmp
| choke me
| #endif
| 
| int
| main ()
| {
| return mbscasecmp ();
|   ;
|   return 0;
| }
configure:8930: result: no
configure:8939: checking for mbscmp
configure:8995: /home/user/workdir/toolchain/arm-2009q1/bin/arm-none-linux-gnueabi-gcc -o conftest -g -O   -L./lib/termcap conftest.c  >&5
/tmp/ccYdg7Z3.o: In function `main':
/home/user/workdir/81xx/ipnc_app/network/readline-6.2/conftest.c:107: undefined reference to `mbscmp'
collect2: ld returned 1 exit status
configure:9002: $? = 1
configure: failed program was:
| /* confdefs.h.  */
| #define PACKAGE_NAME "readline"
| #define PACKAGE_TARNAME "readline"
| #define PACKAGE_VERSION "6.2"
| #define PACKAGE_STRING "readline 6.2"
| #define PACKAGE_BUGREPORT "bug-readline@gnu.org"
| #define STDC_HEADERS 1
| #define HAVE_SYS_TYPES_H 1
| #define HAVE_SYS_STAT_H 1
| #define HAVE_STDLIB_H 1
| #define HAVE_STRING_H 1
| #define HAVE_MEMORY_H 1
| #define HAVE_STRINGS_H 1
| #define HAVE_INTTYPES_H 1
| #define HAVE_STDINT_H 1
| #define HAVE_UNISTD_H 1
| #define __EXTENSIONS__ 1
| #define _ALL_SOURCE 1
| #define _GNU_SOURCE 1
| #define _POSIX_PTHREAD_SEMANTICS 1
| #define _TANDEM_SOURCE 1
| #define PROTOTYPES 1
| #define __PROTOTYPES 1
| #define RETSIGTYPE void
| #define STDC_HEADERS 1
| #define HAVE_DIRENT_H 1
| #define HAVE_FCNTL 1
| #define HAVE_KILL 1
| #define HAVE_LSTAT 1
| #define HAVE_MEMMOVE 1
| #define HAVE_PUTENV 1
| #define HAVE_SELECT 1
| #define HAVE_SETENV 1
| #define HAVE_SETLOCALE 1
| #define HAVE_STRCASECMP 1
| #define HAVE_STRPBRK 1
| #define HAVE_TCGETATTR 1
| #define HAVE_VSNPRINTF 1
| #define HAVE_ISASCII 1
| #define HAVE_ISXDIGIT 1
| #define HAVE_GETPWENT 1
| #define HAVE_GETPWNAM 1
| #define HAVE_GETPWUID 1
| #define HAVE_FCNTL_H 1
| #define HAVE_UNISTD_H 1
| #define HAVE_STDLIB_H 1
| #define HAVE_STDARG_H 1
| #define HAVE_STRING_H 1
| #define HAVE_STRINGS_H 1
| #define HAVE_LIMITS_H 1
| #define HAVE_LOCALE_H 1
| #define HAVE_PWD_H 1
| #define HAVE_MEMORY_H 1
| #define HAVE_TERMIOS_H 1
| #define HAVE_TERMIO_H 1
| #define HAVE_SYS_SELECT_H 1
| #define HAVE_SYS_FILE_H 1
| #define _FILE_OFFSET_BITS 64
| #define HAVE_POSIX_SIGNALS 1
| #define HAVE_LSTAT 1
| #define HAVE_GETPW_DECLS 1
| #define GWINSZ_IN_SYS_IOCTL 1
| #define VOID_SIGHANDLER 1
| #define FIONREAD_IN_SYS_IOCTL 1
| #define STRUCT_WINSIZE_IN_SYS_IOCTL 1
| #define HAVE_STRUCT_DIRENT_D_INO 1
| #define HAVE_STRUCT_DIRENT_D_FILENO 1
| #define HAVE_WCTYPE_H 1
| #define HAVE_WCHAR_H 1
| #define HAVE_LANGINFO_H 1
| #define HAVE_MBRLEN 1
| /* end confdefs.h.  */
| /* Define mbscmp to an innocuous variant, in case <limits.h> declares mbscmp.
|    For example, HP-UX 11i <limits.h> declares gettimeofday.  */
| #define mbscmp innocuous_mbscmp
| 
| /* System header to define __stub macros and hopefully few prototypes,
|     which can conflict with char mbscmp (); below.
|     Prefer <limits.h> to <assert.h> if __STDC__ is defined, since
|     <limits.h> exists even on freestanding compilers.  */
| 
| #ifdef __STDC__
| # include <limits.h>
| #else
| # include <assert.h>
| #endif
| 
| #undef mbscmp
| 
| /* Override any GCC internal prototype to avoid an error.
|    Use char because int might match the return type of a GCC
|    builtin and then its argument prototype would still apply.  */
| #ifdef __cplusplus
| extern "C"
| #endif
| char mbscmp ();
| /* The GNU C library defines this for functions which it implements
|     to always fail with ENOSYS.  Some functions are actually named
|     something starting with __ and the normal name is an alias.  */
| #if defined __stub_mbscmp || defined __stub___mbscmp
| choke me
| #endif
| 
| int
| main ()
| {
| return mbscmp ();
|   ;
|   return 0;
| }
configure:9022: result: no
configure:9031: checking for mbsnrtowcs
configure:9087: /home/user/workdir/toolchain/arm-2009q1/bin/arm-none-linux-gnueabi-gcc -o conftest -g -O   -L./lib/termcap conftest.c  >&5
configure:9094: $? = 0
configure:9114: result: yes
configure:9123: checking for mbsrtowcs
configure:9179: /home/user/workdir/toolchain/arm-2009q1/bin/arm-none-linux-gnueabi-gcc -o conftest -g -O   -L./lib/termcap conftest.c  >&5
configure:9186: $? = 0
configure:9206: result: yes
configure:9221: checking for mbschr
configure:9277: /home/user/workdir/toolchain/arm-2009q1/bin/arm-none-linux-gnueabi-gcc -o conftest -g -O   -L./lib/termcap conftest.c  >&5
/tmp/ccMrFIyu.o: In function `main':
/home/user/workdir/81xx/ipnc_app/network/readline-6.2/conftest.c:109: undefined reference to `mbschr'
collect2: ld returned 1 exit status
configure:9284: $? = 1
configure: failed program was:
| /* confdefs.h.  */
| #define PACKAGE_NAME "readline"
| #define PACKAGE_TARNAME "readline"
| #define PACKAGE_VERSION "6.2"
| #define PACKAGE_STRING "readline 6.2"
| #define PACKAGE_BUGREPORT "bug-readline@gnu.org"
| #define STDC_HEADERS 1
| #define HAVE_SYS_TYPES_H 1
| #define HAVE_SYS_STAT_H 1
| #define HAVE_STDLIB_H 1
| #define HAVE_STRING_H 1
| #define HAVE_MEMORY_H 1
| #define HAVE_STRINGS_H 1
| #define HAVE_INTTYPES_H 1
| #define HAVE_STDINT_H 1
| #define HAVE_UNISTD_H 1
| #define __EXTENSIONS__ 1
| #define _ALL_SOURCE 1
| #define _GNU_SOURCE 1
| #define _POSIX_PTHREAD_SEMANTICS 1
| #define _TANDEM_SOURCE 1
| #define PROTOTYPES 1
| #define __PROTOTYPES 1
| #define RETSIGTYPE void
| #define STDC_HEADERS 1
| #define HAVE_DIRENT_H 1
| #define HAVE_FCNTL 1
| #define HAVE_KILL 1
| #define HAVE_LSTAT 1
| #define HAVE_MEMMOVE 1
| #define HAVE_PUTENV 1
| #define HAVE_SELECT 1
| #define HAVE_SETENV 1
| #define HAVE_SETLOCALE 1
| #define HAVE_STRCASECMP 1
| #define HAVE_STRPBRK 1
| #define HAVE_TCGETATTR 1
| #define HAVE_VSNPRINTF 1
| #define HAVE_ISASCII 1
| #define HAVE_ISXDIGIT 1
| #define HAVE_GETPWENT 1
| #define HAVE_GETPWNAM 1
| #define HAVE_GETPWUID 1
| #define HAVE_FCNTL_H 1
| #define HAVE_UNISTD_H 1
| #define HAVE_STDLIB_H 1
| #define HAVE_STDARG_H 1
| #define HAVE_STRING_H 1
| #define HAVE_STRINGS_H 1
| #define HAVE_LIMITS_H 1
| #define HAVE_LOCALE_H 1
| #define HAVE_PWD_H 1
| #define HAVE_MEMORY_H 1
| #define HAVE_TERMIOS_H 1
| #define HAVE_TERMIO_H 1
| #define HAVE_SYS_SELECT_H 1
| #define HAVE_SYS_FILE_H 1
| #define _FILE_OFFSET_BITS 64
| #define HAVE_POSIX_SIGNALS 1
| #define HAVE_LSTAT 1
| #define HAVE_GETPW_DECLS 1
| #define GWINSZ_IN_SYS_IOCTL 1
| #define VOID_SIGHANDLER 1
| #define FIONREAD_IN_SYS_IOCTL 1
| #define STRUCT_WINSIZE_IN_SYS_IOCTL 1
| #define HAVE_STRUCT_DIRENT_D_INO 1
| #define HAVE_STRUCT_DIRENT_D_FILENO 1
| #define HAVE_WCTYPE_H 1
| #define HAVE_WCHAR_H 1
| #define HAVE_LANGINFO_H 1
| #define HAVE_MBRLEN 1
| #define HAVE_MBSNRTOWCS 1
| #define HAVE_MBSRTOWCS 1
| /* end confdefs.h.  */
| /* Define mbschr to an innocuous variant, in case <limits.h> declares mbschr.
|    For example, HP-UX 11i <limits.h> declares gettimeofday.  */
| #define mbschr innocuous_mbschr
| 
| /* System header to define __stub macros and hopefully few prototypes,
|     which can conflict with char mbschr (); below.
|     Prefer <limits.h> to <assert.h> if __STDC__ is defined, since
|     <limits.h> exists even on freestanding compilers.  */
| 
| #ifdef __STDC__
| # include <limits.h>
| #else
| # include <assert.h>
| #endif
| 
| #undef mbschr
| 
| /* Override any GCC internal prototype to avoid an error.
|    Use char because int might match the return type of a GCC
|    builtin and then its argument prototype would still apply.  */
| #ifdef __cplusplus
| extern "C"
| #endif
| char mbschr ();
| /* The GNU C library defines this for functions which it implements
|     to always fail with ENOSYS.  Some functions are actually named
|     something starting with __ and the normal name is an alias.  */
| #if defined __stub_mbschr || defined __stub___mbschr
| choke me
| #endif
| 
| int
| main ()
| {
| return mbschr ();
|   ;
|   return 0;
| }
configure:9306: result: no
configure:9327: checking for wcrtomb
configure:9383: /home/user/workdir/toolchain/arm-2009q1/bin/arm-none-linux-gnueabi-gcc -o conftest -g -O   -L./lib/termcap conftest.c  >&5
configure:9390: $? = 0
configure:9410: result: yes
configure:9419: checking for wcscoll
configure:9475: /home/user/workdir/toolchain/arm-2009q1/bin/arm-none-linux-gnueabi-gcc -o conftest -g -O   -L./lib/termcap conftest.c  >&5
configure:9482: $? = 0
configure:9502: result: yes
configure:9511: checking for wcsdup
configure:9567: /home/user/workdir/toolchain/arm-2009q1/bin/arm-none-linux-gnueabi-gcc -o conftest -g -O   -L./lib/termcap conftest.c  >&5
configure:9574: $? = 0
configure:9594: result: yes
configure:9603: checking for wcwidth
configure:9659: /home/user/workdir/toolchain/arm-2009q1/bin/arm-none-linux-gnueabi-gcc -o conftest -g -O   -L./lib/termcap conftest.c  >&5
configure:9666: $? = 0
configure:9686: result: yes
configure:9695: checking for wctype
configure:9751: /home/user/workdir/toolchain/arm-2009q1/bin/arm-none-linux-gnueabi-gcc -o conftest -g -O   -L./lib/termcap conftest.c  >&5
configure:9758: $? = 0
configure:9778: result: yes
configure:9792: checking for wcswidth
configure:9848: /home/user/workdir/toolchain/arm-2009q1/bin/arm-none-linux-gnueabi-gcc -o conftest -g -O   -L./lib/termcap conftest.c  >&5
configure:9855: $? = 0
configure:9877: result: yes
configure:9899: checking whether mbrtowc and mbstate_t are properly declared
configure:9929: /home/user/workdir/toolchain/arm-2009q1/bin/arm-none-linux-gnueabi-gcc -o conftest -g -O   -L./lib/termcap conftest.c  >&5
configure:9936: $? = 0
configure:9956: result: yes
configure:9981: checking for iswlower
configure:10037: /home/user/workdir/toolchain/arm-2009q1/bin/arm-none-linux-gnueabi-gcc -o conftest -g -O   -L./lib/termcap conftest.c  >&5
conftest.c:106: warning: conflicting types for built-in function 'iswlower'
configure:10044: $? = 0
configure:10066: result: yes
configure:9981: checking for iswupper
configure:10037: /home/user/workdir/toolchain/arm-2009q1/bin/arm-none-linux-gnueabi-gcc -o conftest -g -O   -L./lib/termcap conftest.c  >&5
conftest.c:107: warning: conflicting types for built-in function 'iswupper'
configure:10044: $? = 0
configure:10066: result: yes
configure:9981: checking for towlower
configure:10037: /home/user/workdir/toolchain/arm-2009q1/bin/arm-none-linux-gnueabi-gcc -o conftest -g -O   -L./lib/termcap conftest.c  >&5
conftest.c:108: warning: conflicting types for built-in function 'towlower'
configure:10044: $? = 0
configure:10066: result: yes
configure:9981: checking for towupper
configure:10037: /home/user/workdir/toolchain/arm-2009q1/bin/arm-none-linux-gnueabi-gcc -o conftest -g -O   -L./lib/termcap conftest.c  >&5
conftest.c:109: warning: conflicting types for built-in function 'towupper'
configure:10044: $? = 0
configure:10066: result: yes
configure:9981: checking for iswctype
configure:10037: /home/user/workdir/toolchain/arm-2009q1/bin/arm-none-linux-gnueabi-gcc -o conftest -g -O   -L./lib/termcap conftest.c  >&5
configure:10044: $? = 0
configure:10066: result: yes
configure:10079: checking for nl_langinfo and CODESET
configure:10105: /home/user/workdir/toolchain/arm-2009q1/bin/arm-none-linux-gnueabi-gcc -o conftest -g -O   -L./lib/termcap conftest.c  >&5
configure:10112: $? = 0
configure:10132: result: yes
configure:10141: checking for wchar_t in wchar.h
configure:10171: /home/user/workdir/toolchain/arm-2009q1/bin/arm-none-linux-gnueabi-gcc -c -g -O  conftest.c >&5
configure:10178: $? = 0
configure:10193: result: yes
configure:10203: checking for wctype_t in wctype.h
configure:10232: /home/user/workdir/toolchain/arm-2009q1/bin/arm-none-linux-gnueabi-gcc -c -g -O  conftest.c >&5
configure:10239: $? = 0
configure:10254: result: yes
configure:10264: checking for wint_t in wctype.h
configure:10293: /home/user/workdir/toolchain/arm-2009q1/bin/arm-none-linux-gnueabi-gcc -c -g -O  conftest.c >&5
configure:10300: $? = 0
configure:10315: result: yes
configure:10449: checking configuration for building shared libraries
configure:10473: result: supported
configure:10638: creating ./config.status

## ---------------------- ##
## Running config.status. ##
## ---------------------- ##

This file was extended by readline config.status 6.2, which was
generated by GNU Autoconf 2.63.  Invocation command line was

  CONFIG_FILES    = 
  CONFIG_HEADERS  = 
  CONFIG_LINKS    = 
  CONFIG_COMMANDS = 
  $ ./config.status 

on localhost.localdomain

config.status:850: creating Makefile
config.status:850: creating doc/Makefile
config.status:850: creating examples/Makefile
config.status:850: creating shlib/Makefile
config.status:850: creating config.h
config.status:1066: config.h is unchanged
config.status:1084: executing default commands

## ---------------- ##
## Cache variables. ##
## ---------------- ##

ac_cv_build=i686-pc-linux-gnu
ac_cv_c_char_unsigned=yes
ac_cv_c_compiler_gnu=yes
ac_cv_c_const=yes
ac_cv_c_volatile=yes
ac_cv_env_CC_set=set
ac_cv_env_CC_value=/home/user/workdir/toolchain/arm-2009q1/bin/arm-none-linux-gnueabi-gcc
ac_cv_env_CFLAGS_set=
ac_cv_env_CFLAGS_value=
ac_cv_env_CPPFLAGS_set=
ac_cv_env_CPPFLAGS_value=
ac_cv_env_CPP_set=
ac_cv_env_CPP_value=
ac_cv_env_LDFLAGS_set=
ac_cv_env_LDFLAGS_value=
ac_cv_env_LIBS_set=
ac_cv_env_LIBS_value=
ac_cv_env_build_alias_set=
ac_cv_env_build_alias_value=
ac_cv_env_host_alias_set=set
ac_cv_env_host_alias_value=arm-linux
ac_cv_env_target_alias_set=
ac_cv_env_target_alias_value=
ac_cv_func_fcntl=yes
ac_cv_func_getpwent=yes
ac_cv_func_getpwnam=yes
ac_cv_func_getpwuid=yes
ac_cv_func_isascii=yes
ac_cv_func_iswctype=yes
ac_cv_func_iswlower=yes
ac_cv_func_iswupper=yes
ac_cv_func_isxdigit=yes
ac_cv_func_kill=yes
ac_cv_func_lstat=yes
ac_cv_func_mbrlen=yes
ac_cv_func_mbrtowc=yes
ac_cv_func_mbscasecmp=no
ac_cv_func_mbschr=no
ac_cv_func_mbscmp=no
ac_cv_func_mbsnrtowcs=yes
ac_cv_func_mbsrtowcs=yes
ac_cv_func_memmove=yes
ac_cv_func_putenv=yes
ac_cv_func_select=yes
ac_cv_func_setenv=yes
ac_cv_func_setlocale=yes
ac_cv_func_strcasecmp=yes
ac_cv_func_strcoll_works=no
ac_cv_func_strpbrk=yes
ac_cv_func_tcgetattr=yes
ac_cv_func_tgetent=no
ac_cv_func_towlower=yes
ac_cv_func_towupper=yes
ac_cv_func_vsnprintf=yes
ac_cv_func_wcrtomb=yes
ac_cv_func_wcscoll=yes
ac_cv_func_wcsdup=yes
ac_cv_func_wcswidth=yes
ac_cv_func_wctype=yes
ac_cv_func_wcwidth=yes
ac_cv_have_sig_atomic_t=yes
ac_cv_header_dirent_dirent_h=yes
ac_cv_header_fcntl_h=yes
ac_cv_header_inttypes_h=yes
ac_cv_header_langinfo_h=yes
ac_cv_header_limits_h=yes
ac_cv_header_locale_h=yes
ac_cv_header_memory_h=yes
ac_cv_header_minix_config_h=no
ac_cv_header_pwd_h=yes
ac_cv_header_stat_broken=no
ac_cv_header_stdarg_h=yes
ac_cv_header_stdc=yes
ac_cv_header_stdint_h=yes
ac_cv_header_stdlib_h=yes
ac_cv_header_string_h=yes
ac_cv_header_strings_h=yes
ac_cv_header_sys_file_h=yes
ac_cv_header_sys_pte_h=no
ac_cv_header_sys_ptem_h=no
ac_cv_header_sys_select_h=yes
ac_cv_header_sys_stat_h=yes
ac_cv_header_sys_stream_h=no
ac_cv_header_sys_types_h=yes
ac_cv_header_termcap_h=no
ac_cv_header_termio_h=yes
ac_cv_header_termios_h=yes
ac_cv_header_unistd_h=yes
ac_cv_header_varargs_h=no
ac_cv_header_wchar_h=yes
ac_cv_header_wctype_h=yes
ac_cv_host=arm-unknown-linux-gnu
ac_cv_lib_curses_tgetent=no
ac_cv_lib_ncurses_tgetent=no
ac_cv_lib_termcap_tgetent=no
ac_cv_lib_tinfo_tgetent=no
ac_cv_objext=o
ac_cv_path_EGREP='/bin/grep -E'
ac_cv_path_GREP=/bin/grep
ac_cv_path_install='/usr/bin/install -c'
ac_cv_prog_AR=/home/user/workdir/toolchain/arm-2009q1/bin/arm-none-linux-gnueabi-ar
ac_cv_prog_CC=/home/user/workdir/toolchain/arm-2009q1/bin/arm-none-linux-gnueabi-gcc
ac_cv_prog_CPP='/home/user/workdir/toolchain/arm-2009q1/bin/arm-none-linux-gnueabi-gcc -E'
ac_cv_prog_RANLIB=/home/user/workdir/toolchain/arm-2009q1/bin/arm-none-linux-gnueabi-ranlib
ac_cv_prog_cc_c89=
ac_cv_prog_cc_g=yes
ac_cv_prog_gcc_traditional=no
ac_cv_prog_make_make_set=yes
ac_cv_safe_to_define___extensions__=yes
ac_cv_search_opendir='none required'
ac_cv_sys_file_offset_bits=64
ac_cv_sys_largefile_CC=no
ac_cv_sys_tiocgwinsz_in_sys_ioctl_h=yes
ac_cv_sys_tiocgwinsz_in_termios_h=no
ac_cv_type_signal=void
ac_cv_type_size_t=yes
ac_cv_type_ssize_t=yes
bash_cv_dirent_has_d_fileno=yes
bash_cv_dirent_has_dino=yes
bash_cv_fionread_in_ioctl=yes
bash_cv_func_ctype_nonascii=no
bash_cv_func_lstat=yes
bash_cv_func_sigsetjmp=missing
bash_cv_func_strcoll_broken=no
bash_cv_getpw_declared=yes
bash_cv_langinfo_codeset=yes
bash_cv_must_reinstall_sighandlers=no
bash_cv_signal_vintage=posix
bash_cv_speed_t_in_sys_types=no
bash_cv_struct_winsize_header=ioctl_h
bash_cv_termcap_lib=gnutermcap
bash_cv_tiocstat_in_ioctl=no
bash_cv_type_wchar_t=yes
bash_cv_type_wctype_t=yes
bash_cv_type_wint_t=yes
bash_cv_void_sighandler=yes

## ----------------- ##
## Output variables. ##
## ----------------- ##

AR='/home/user/workdir/toolchain/arm-2009q1/bin/arm-none-linux-gnueabi-ar'
ARFLAGS='cr'
BUILD_DIR='/home/user/workdir/81xx/ipnc_app/network/readline-6.2'
CC='/home/user/workdir/toolchain/arm-2009q1/bin/arm-none-linux-gnueabi-gcc'
CFLAGS='-g -O'
CPP='/home/user/workdir/toolchain/arm-2009q1/bin/arm-none-linux-gnueabi-gcc -E'
CPPFLAGS=''
CROSS_COMPILE=''
DEFS='-DHAVE_CONFIG_H'
ECHO_C=''
ECHO_N='-n'
ECHO_T=''
EGREP='/bin/grep -E'
EXEEXT=''
GREP='/bin/grep'
INSTALL_DATA='${INSTALL} -m 644'
INSTALL_PROGRAM='${INSTALL}'
INSTALL_SCRIPT='${INSTALL}'
LDFLAGS=' -L./lib/termcap'
LIBOBJS=' ${LIBOBJDIR}mbschr$U.o'
LIBS=''
LIBVERSION='6.2'
LOCAL_CFLAGS=''
LOCAL_DEFS=''
LOCAL_LDFLAGS=''
LTLIBOBJS=' ${LIBOBJDIR}mbschr$U.lo'
MAKE_SHELL='/bin/sh'
OBJEXT='o'
PACKAGE_BUGREPORT='bug-readline@gnu.org'
PACKAGE_NAME='readline'
PACKAGE_STRING='readline 6.2'
PACKAGE_TARNAME='readline'
PACKAGE_VERSION='6.2'
PATH_SEPARATOR=':'
PURIFY=''
RANLIB='/home/user/workdir/toolchain/arm-2009q1/bin/arm-none-linux-gnueabi-ranlib'
SET_MAKE=''
SHARED_INSTALL_TARGET='install-shared'
SHARED_TARGET='shared'
SHELL='/bin/sh'
SHLIB_DLLVERSION='$(SHLIB_MAJOR)'
SHLIB_DOT='.'
SHLIB_LIBPREF='lib'
SHLIB_LIBS=''
SHLIB_LIBSUFF='so'
SHLIB_LIBVERSION='$(SHLIB_LIBSUFF).$(SHLIB_MAJOR)$(SHLIB_MINOR)'
SHLIB_MAJOR='6'
SHLIB_MINOR='2'
SHLIB_STATUS='supported'
SHLIB_XLDFLAGS='-Wl,-rpath,$(libdir) -Wl,-soname,`basename $@ $(SHLIB_MINOR)`'
SHOBJ_CC='/home/user/workdir/toolchain/arm-2009q1/bin/arm-none-linux-gnueabi-gcc'
SHOBJ_CFLAGS='-fPIC'
SHOBJ_LD='${CC}'
SHOBJ_LDFLAGS='-shared -Wl,-soname,$@'
SHOBJ_LIBS=''
SHOBJ_STATUS='supported'
SHOBJ_XLDFLAGS=''
STATIC_INSTALL_TARGET='install-static'
STATIC_TARGET='static'
TERMCAP_LIB='-ltermcap'
ac_ct_CC=''
bindir='${exec_prefix}/bin'
build='i686-pc-linux-gnu'
build_alias=''
build_cpu='i686'
build_os='linux-gnu'
build_vendor='pc'
datadir='${datarootdir}'
datarootdir='${prefix}/share'
docdir='${datarootdir}/doc/${PACKAGE_TARNAME}'
dvidir='${docdir}'
exec_prefix='${prefix}'
host='arm-unknown-linux-gnu'
host_alias='arm-linux'
host_cpu='arm'
host_os='linux-gnu'
host_vendor='unknown'
htmldir='${docdir}'
includedir='${prefix}/include'
infodir='${datarootdir}/info'
libdir='${exec_prefix}/lib'
libexecdir='${exec_prefix}/libexec'
localedir='${datarootdir}/locale'
localstatedir='${prefix}/var'
mandir='${datarootdir}/man'
oldincludedir='/usr/include'
pdfdir='${docdir}'
prefix='/home/user/workdir/81xx/ipnc_app/network/quftp-1.0.7/dep'
program_transform_name='s,x,x,'
psdir='${docdir}'
sbindir='${exec_prefix}/sbin'
sharedstatedir='${prefix}/com'
sysconfdir='${prefix}/etc'
target_alias=''

## ----------- ##
## confdefs.h. ##
## ----------- ##

#define PACKAGE_NAME "readline"
#define PACKAGE_TARNAME "readline"
#define PACKAGE_VERSION "6.2"
#define PACKAGE_STRING "readline 6.2"
#define PACKAGE_BUGREPORT "bug-readline@gnu.org"
#define STDC_HEADERS 1
#define HAVE_SYS_TYPES_H 1
#define HAVE_SYS_STAT_H 1
#define HAVE_STDLIB_H 1
#define HAVE_STRING_H 1
#define HAVE_MEMORY_H 1
#define HAVE_STRINGS_H 1
#define HAVE_INTTYPES_H 1
#define HAVE_STDINT_H 1
#define HAVE_UNISTD_H 1
#define __EXTENSIONS__ 1
#define _ALL_SOURCE 1
#define _GNU_SOURCE 1
#define _POSIX_PTHREAD_SEMANTICS 1
#define _TANDEM_SOURCE 1
#define PROTOTYPES 1
#define __PROTOTYPES 1
#define RETSIGTYPE void
#define STDC_HEADERS 1
#define HAVE_DIRENT_H 1
#define HAVE_FCNTL 1
#define HAVE_KILL 1
#define HAVE_LSTAT 1
#define HAVE_MEMMOVE 1
#define HAVE_PUTENV 1
#define HAVE_SELECT 1
#define HAVE_SETENV 1
#define HAVE_SETLOCALE 1
#define HAVE_STRCASECMP 1
#define HAVE_STRPBRK 1
#define HAVE_TCGETATTR 1
#define HAVE_VSNPRINTF 1
#define HAVE_ISASCII 1
#define HAVE_ISXDIGIT 1
#define HAVE_GETPWENT 1
#define HAVE_GETPWNAM 1
#define HAVE_GETPWUID 1
#define HAVE_FCNTL_H 1
#define HAVE_UNISTD_H 1
#define HAVE_STDLIB_H 1
#define HAVE_STDARG_H 1
#define HAVE_STRING_H 1
#define HAVE_STRINGS_H 1
#define HAVE_LIMITS_H 1
#define HAVE_LOCALE_H 1
#define HAVE_PWD_H 1
#define HAVE_MEMORY_H 1
#define HAVE_TERMIOS_H 1
#define HAVE_TERMIO_H 1
#define HAVE_SYS_SELECT_H 1
#define HAVE_SYS_FILE_H 1
#define _FILE_OFFSET_BITS 64
#define HAVE_POSIX_SIGNALS 1
#define HAVE_LSTAT 1
#define HAVE_GETPW_DECLS 1
#define GWINSZ_IN_SYS_IOCTL 1
#define VOID_SIGHANDLER 1
#define FIONREAD_IN_SYS_IOCTL 1
#define STRUCT_WINSIZE_IN_SYS_IOCTL 1
#define HAVE_STRUCT_DIRENT_D_INO 1
#define HAVE_STRUCT_DIRENT_D_FILENO 1
#define HAVE_WCTYPE_H 1
#define HAVE_WCHAR_H 1
#define HAVE_LANGINFO_H 1
#define HAVE_MBRLEN 1
#define HAVE_MBSNRTOWCS 1
#define HAVE_MBSRTOWCS 1
#define HAVE_WCRTOMB 1
#define HAVE_WCSCOLL 1
#define HAVE_WCSDUP 1
#define HAVE_WCWIDTH 1
#define HAVE_WCTYPE 1
#define HAVE_WCSWIDTH 1
#define HAVE_MBRTOWC 1
#define HAVE_MBSTATE_T 1
#define HAVE_ISWLOWER 1
#define HAVE_ISWUPPER 1
#define HAVE_TOWLOWER 1
#define HAVE_TOWUPPER 1
#define HAVE_ISWCTYPE 1
#define HAVE_LANGINFO_CODESET 1
#define HAVE_WCHAR_T 1
#define HAVE_WCTYPE_T 1
#define HAVE_WINT_T 1

configure: exit 0
